

================================================================
== Vitis HLS Report for 'LoadWeights_Pipeline_VITIS_LOOP_168_6'
================================================================
* Date:           Tue Jul 23 22:31:49 2024

* Version:        2022.1 (Build 3526262 on Mon Apr 18 15:47:01 MDT 2022)
* Project:        MNIST
* Solution:       solution1 (Vivado IP Flow Target)
* Product family: zynquplus
* Target device:  xck26-sfvc784-2LV-c


================================================================
== Performance Estimates
================================================================
+ Timing: 
    * Summary: 
    +--------+----------+----------+------------+
    |  Clock |  Target  | Estimated| Uncertainty|
    +--------+----------+----------+------------+
    |ap_clk  |  10.00 ns|  2.377 ns|     2.70 ns|
    +--------+----------+----------+------------+

+ Latency: 
    * Summary: 
    +---------+---------+----------+----------+-----+-----+---------+
    |  Latency (cycles) |  Latency (absolute) |  Interval | Pipeline|
    |   min   |   max   |    min   |    max   | min | max |   Type  |
    +---------+---------+----------+----------+-----+-----+---------+
    |      122|      122|  1.220 us|  1.220 us|  122|  122|       no|
    +---------+---------+----------+----------+-----+-----+---------+

    + Detail: 
        * Instance: 
        N/A

        * Loop: 
        +--------------------+---------+---------+----------+-----------+-----------+------+----------+
        |                    |  Latency (cycles) | Iteration|  Initiation Interval  | Trip |          |
        |      Loop Name     |   min   |   max   |  Latency |  achieved |   target  | Count| Pipelined|
        +--------------------+---------+---------+----------+-----------+-----------+------+----------+
        |- VITIS_LOOP_168_6  |      120|      120|         1|          1|          1|   120|       yes|
        +--------------------+---------+---------+----------+-----------+-----------+------+----------+



================================================================
== Utilization Estimates
================================================================
* Summary: 
+-----------------+---------+------+--------+--------+-----+
|       Name      | BRAM_18K|  DSP |   FF   |   LUT  | URAM|
+-----------------+---------+------+--------+--------+-----+
|DSP              |        -|     -|       -|       -|    -|
|Expression       |        -|     -|       0|      81|    -|
|FIFO             |        -|     -|       -|       -|    -|
|Instance         |        -|     -|       -|       -|    -|
|Memory           |        -|     -|       -|       -|    -|
|Multiplexer      |        -|     -|       -|      81|    -|
|Register         |        -|     -|      31|       -|    -|
+-----------------+---------+------+--------+--------+-----+
|Total            |        0|     0|      31|     162|    0|
+-----------------+---------+------+--------+--------+-----+
|Available        |      288|  1248|  234240|  117120|   64|
+-----------------+---------+------+--------+--------+-----+
|Utilization (%)  |        0|     0|      ~0|      ~0|    0|
+-----------------+---------+------+--------+--------+-----+

+ Detail: 
    * Instance: 
    N/A

    * DSP: 
    N/A

    * Memory: 
    N/A

    * FIFO: 
    N/A

    * Expression: 
    +----------------------------------+----------+----+---+----+------------+------------+
    |           Variable Name          | Operation| DSP| FF| LUT| Bitwidth P0| Bitwidth P1|
    +----------------------------------+----------+----+---+----+------------+------------+
    |add_ln168_1_fu_370_p2             |         +|   0|  0|  14|           7|           1|
    |add_ln168_fu_301_p2               |         +|   0|  0|  14|           7|           1|
    |add_ln172_fu_332_p2               |         +|   0|  0|  22|          15|           8|
    |ap_condition_302                  |       and|   0|  0|   2|           1|           1|
    |icmp_ln168_1_fu_376_p2            |      icmp|   0|  0|  10|           7|           4|
    |icmp_ln168_fu_295_p2              |      icmp|   0|  0|  10|           7|           5|
    |ap_block_state1_pp0_stage0_iter0  |        or|   0|  0|   2|           1|           1|
    |select_ln168_fu_382_p3            |    select|   0|  0|   7|           1|           7|
    +----------------------------------+----------+----+---+----+------------+------------+
    |Total                             |          |   0|  0|  81|          46|          28|
    +----------------------------------+----------+----+---+----+------------+------------+

    * Multiplexer: 
    +-------------------------------------+----+-----------+-----+-----------+
    |                 Name                | LUT| Input Size| Bits| Total Bits|
    +-------------------------------------+----+-----------+-----+-----------+
    |ap_done_int                          |   9|          2|    1|          2|
    |ap_sig_allocacmp_i_3                 |   9|          2|    7|         14|
    |ap_sig_allocacmp_phi_mul209_load     |   9|          2|   15|         30|
    |ap_sig_allocacmp_phi_urem211_load    |   9|          2|    7|         14|
    |ap_sig_allocacmp_phi_urem211_load_1  |   9|          2|    7|         14|
    |i_fu_112                             |   9|          2|    7|         14|
    |phi_mul209_fu_108                    |   9|          2|   15|         30|
    |phi_urem211_fu_104                   |   9|          2|    7|         14|
    |wstrm_TDATA_blk_n                    |   9|          2|    1|          2|
    +-------------------------------------+----+-----------+-----+-----------+
    |Total                                |  81|         18|   67|        134|
    +-------------------------------------+----+-----------+-----+-----------+

    * Register: 
    +--------------------+----+----+-----+-----------+
    |        Name        | FF | LUT| Bits| Const Bits|
    +--------------------+----+----+-----+-----------+
    |ap_CS_fsm           |   1|   0|    1|          0|
    |ap_done_reg         |   1|   0|    1|          0|
    |i_fu_112            |   7|   0|    7|          0|
    |phi_mul209_fu_108   |  15|   0|   15|          0|
    |phi_urem211_fu_104  |   7|   0|    7|          0|
    +--------------------+----+----+-----+-----------+
    |Total               |  31|   0|   31|          0|
    +--------------------+----+----+-----+-----------+



================================================================
== Interface
================================================================
* Summary: 
+--------------------+-----+-----+------------+---------------------------------------+--------------+
|      RTL Ports     | Dir | Bits|  Protocol  |             Source Object             |    C Type    |
+--------------------+-----+-----+------------+---------------------------------------+--------------+
|ap_clk              |   in|    1|  ap_ctrl_hs|  LoadWeights_Pipeline_VITIS_LOOP_168_6|  return value|
|ap_rst              |   in|    1|  ap_ctrl_hs|  LoadWeights_Pipeline_VITIS_LOOP_168_6|  return value|
|ap_start            |   in|    1|  ap_ctrl_hs|  LoadWeights_Pipeline_VITIS_LOOP_168_6|  return value|
|ap_done             |  out|    1|  ap_ctrl_hs|  LoadWeights_Pipeline_VITIS_LOOP_168_6|  return value|
|ap_idle             |  out|    1|  ap_ctrl_hs|  LoadWeights_Pipeline_VITIS_LOOP_168_6|  return value|
|ap_ready            |  out|    1|  ap_ctrl_hs|  LoadWeights_Pipeline_VITIS_LOOP_168_6|  return value|
|wstrm_TVALID        |   in|    1|        axis|                         wstrm_V_data_V|       pointer|
|wstrm_TDATA         |   in|   32|        axis|                         wstrm_V_data_V|       pointer|
|wstrm_TREADY        |  out|    1|        axis|                         wstrm_V_dest_V|       pointer|
|wstrm_TDEST         |   in|    6|        axis|                         wstrm_V_dest_V|       pointer|
|wstrm_TKEEP         |   in|    4|        axis|                         wstrm_V_keep_V|       pointer|
|wstrm_TSTRB         |   in|    4|        axis|                         wstrm_V_strb_V|       pointer|
|wstrm_TUSER         |   in|    2|        axis|                         wstrm_V_user_V|       pointer|
|wstrm_TLAST         |   in|    1|        axis|                         wstrm_V_last_V|       pointer|
|wstrm_TID           |   in|    5|        axis|                           wstrm_V_id_V|       pointer|
|point3_0_address0   |  out|    4|   ap_memory|                               point3_0|         array|
|point3_0_ce0        |  out|    1|   ap_memory|                               point3_0|         array|
|point3_0_we0        |  out|    1|   ap_memory|                               point3_0|         array|
|point3_0_d0         |  out|   32|   ap_memory|                               point3_0|         array|
|point3_1_address0   |  out|    4|   ap_memory|                               point3_1|         array|
|point3_1_ce0        |  out|    1|   ap_memory|                               point3_1|         array|
|point3_1_we0        |  out|    1|   ap_memory|                               point3_1|         array|
|point3_1_d0         |  out|   32|   ap_memory|                               point3_1|         array|
|point3_2_address0   |  out|    4|   ap_memory|                               point3_2|         array|
|point3_2_ce0        |  out|    1|   ap_memory|                               point3_2|         array|
|point3_2_we0        |  out|    1|   ap_memory|                               point3_2|         array|
|point3_2_d0         |  out|   32|   ap_memory|                               point3_2|         array|
|point3_3_address0   |  out|    4|   ap_memory|                               point3_3|         array|
|point3_3_ce0        |  out|    1|   ap_memory|                               point3_3|         array|
|point3_3_we0        |  out|    1|   ap_memory|                               point3_3|         array|
|point3_3_d0         |  out|   32|   ap_memory|                               point3_3|         array|
|point3_4_address0   |  out|    4|   ap_memory|                               point3_4|         array|
|point3_4_ce0        |  out|    1|   ap_memory|                               point3_4|         array|
|point3_4_we0        |  out|    1|   ap_memory|                               point3_4|         array|
|point3_4_d0         |  out|   32|   ap_memory|                               point3_4|         array|
|point3_5_address0   |  out|    4|   ap_memory|                               point3_5|         array|
|point3_5_ce0        |  out|    1|   ap_memory|                               point3_5|         array|
|point3_5_we0        |  out|    1|   ap_memory|                               point3_5|         array|
|point3_5_d0         |  out|   32|   ap_memory|                               point3_5|         array|
|point3_6_address0   |  out|    4|   ap_memory|                               point3_6|         array|
|point3_6_ce0        |  out|    1|   ap_memory|                               point3_6|         array|
|point3_6_we0        |  out|    1|   ap_memory|                               point3_6|         array|
|point3_6_d0         |  out|   32|   ap_memory|                               point3_6|         array|
|point3_7_address0   |  out|    4|   ap_memory|                               point3_7|         array|
|point3_7_ce0        |  out|    1|   ap_memory|                               point3_7|         array|
|point3_7_we0        |  out|    1|   ap_memory|                               point3_7|         array|
|point3_7_d0         |  out|   32|   ap_memory|                               point3_7|         array|
|point3_8_address0   |  out|    4|   ap_memory|                               point3_8|         array|
|point3_8_ce0        |  out|    1|   ap_memory|                               point3_8|         array|
|point3_8_we0        |  out|    1|   ap_memory|                               point3_8|         array|
|point3_8_d0         |  out|   32|   ap_memory|                               point3_8|         array|
|point3_9_address0   |  out|    4|   ap_memory|                               point3_9|         array|
|point3_9_ce0        |  out|    1|   ap_memory|                               point3_9|         array|
|point3_9_we0        |  out|    1|   ap_memory|                               point3_9|         array|
|point3_9_d0         |  out|   32|   ap_memory|                               point3_9|         array|
|point3_10_address0  |  out|    4|   ap_memory|                              point3_10|         array|
|point3_10_ce0       |  out|    1|   ap_memory|                              point3_10|         array|
|point3_10_we0       |  out|    1|   ap_memory|                              point3_10|         array|
|point3_10_d0        |  out|   32|   ap_memory|                              point3_10|         array|
+--------------------+-----+-----+------------+---------------------------------------+--------------+

