

================================================================
== Vitis HLS Report for 'LoadWeights_Pipeline_VITIS_LOOP_144_2'
================================================================
* Date:           Tue Jul 23 22:31:48 2024

* Version:        2022.1 (Build 3526262 on Mon Apr 18 15:47:01 MDT 2022)
* Project:        MNIST
* Solution:       solution1 (Vivado IP Flow Target)
* Product family: zynquplus
* Target device:  xck26-sfvc784-2LV-c


================================================================
== Performance Estimates
================================================================
+ Timing: 
    * Summary: 
    +--------+----------+----------+------------+
    |  Clock |  Target  | Estimated| Uncertainty|
    +--------+----------+----------+------------+
    |ap_clk  |  10.00 ns|  1.260 ns|     2.70 ns|
    +--------+----------+----------+------------+

+ Latency: 
    * Summary: 
    +---------+---------+-----------+-----------+-----+-----+---------+
    |  Latency (cycles) |   Latency (absolute)  |  Interval | Pipeline|
    |   min   |   max   |    min    |    max    | min | max |   Type  |
    +---------+---------+-----------+-----------+-----+-----+---------+
    |        6|        6|  60.000 ns|  60.000 ns|    6|    6|       no|
    +---------+---------+-----------+-----------+-----+-----+---------+

    + Detail: 
        * Instance: 
        N/A

        * Loop: 
        +--------------------+---------+---------+----------+-----------+-----------+------+----------+
        |                    |  Latency (cycles) | Iteration|  Initiation Interval  | Trip |          |
        |      Loop Name     |   min   |   max   |  Latency |  achieved |   target  | Count| Pipelined|
        +--------------------+---------+---------+----------+-----------+-----------+------+----------+
        |- VITIS_LOOP_144_2  |        4|        4|         1|          1|          1|     4|       yes|
        +--------------------+---------+---------+----------+-----------+-----------+------+----------+



================================================================
== Utilization Estimates
================================================================
* Summary: 
+-----------------+---------+------+--------+--------+-----+
|       Name      | BRAM_18K|  DSP |   FF   |   LUT  | URAM|
+-----------------+---------+------+--------+--------+-----+
|DSP              |        -|     -|       -|       -|    -|
|Expression       |        -|     -|       0|      23|    -|
|FIFO             |        -|     -|       -|       -|    -|
|Instance         |        -|     -|       -|       -|    -|
|Memory           |        -|     -|       -|       -|    -|
|Multiplexer      |        -|     -|       -|      36|    -|
|Register         |        -|     -|       5|       -|    -|
+-----------------+---------+------+--------+--------+-----+
|Total            |        0|     0|       5|      59|    0|
+-----------------+---------+------+--------+--------+-----+
|Available        |      288|  1248|  234240|  117120|   64|
+-----------------+---------+------+--------+--------+-----+
|Utilization (%)  |        0|     0|      ~0|      ~0|    0|
+-----------------+---------+------+--------+--------+-----+

+ Detail: 
    * Instance: 
    N/A

    * DSP: 
    N/A

    * Memory: 
    N/A

    * FIFO: 
    N/A

    * Expression: 
    +----------------------------------+----------+----+---+----+------------+------------+
    |           Variable Name          | Operation| DSP| FF| LUT| Bitwidth P0| Bitwidth P1|
    +----------------------------------+----------+----+---+----+------------+------------+
    |add_ln144_fu_101_p2               |         +|   0|  0|  10|           3|           1|
    |ap_condition_121                  |       and|   0|  0|   2|           1|           1|
    |icmp_ln144_fu_95_p2               |      icmp|   0|  0|   9|           3|           4|
    |ap_block_state1_pp0_stage0_iter0  |        or|   0|  0|   2|           1|           1|
    +----------------------------------+----------+----+---+----+------------+------------+
    |Total                             |          |   0|  0|  23|           8|           7|
    +----------------------------------+----------+----+---+----+------------+------------+

    * Multiplexer: 
    +--------------------+----+-----------+-----+-----------+
    |        Name        | LUT| Input Size| Bits| Total Bits|
    +--------------------+----+-----------+-----+-----------+
    |ap_done_int         |   9|          2|    1|          2|
    |ap_sig_allocacmp_i  |   9|          2|    3|          6|
    |i_2_fu_52           |   9|          2|    3|          6|
    |wstrm_TDATA_blk_n   |   9|          2|    1|          2|
    +--------------------+----+-----------+-----+-----------+
    |Total               |  36|          8|    8|         16|
    +--------------------+----+-----------+-----+-----------+

    * Register: 
    +-------------+---+----+-----+-----------+
    |     Name    | FF| LUT| Bits| Const Bits|
    +-------------+---+----+-----+-----------+
    |ap_CS_fsm    |  1|   0|    1|          0|
    |ap_done_reg  |  1|   0|    1|          0|
    |i_2_fu_52    |  3|   0|    3|          0|
    +-------------+---+----+-----+-----------+
    |Total        |  5|   0|    5|          0|
    +-------------+---+----+-----+-----------+



================================================================
== Interface
================================================================
* Summary: 
+-----------------+-----+-----+------------+---------------------------------------+--------------+
|    RTL Ports    | Dir | Bits|  Protocol  |             Source Object             |    C Type    |
+-----------------+-----+-----+------------+---------------------------------------+--------------+
|ap_clk           |   in|    1|  ap_ctrl_hs|  LoadWeights_Pipeline_VITIS_LOOP_144_2|  return value|
|ap_rst           |   in|    1|  ap_ctrl_hs|  LoadWeights_Pipeline_VITIS_LOOP_144_2|  return value|
|ap_start         |   in|    1|  ap_ctrl_hs|  LoadWeights_Pipeline_VITIS_LOOP_144_2|  return value|
|ap_done          |  out|    1|  ap_ctrl_hs|  LoadWeights_Pipeline_VITIS_LOOP_144_2|  return value|
|ap_idle          |  out|    1|  ap_ctrl_hs|  LoadWeights_Pipeline_VITIS_LOOP_144_2|  return value|
|ap_ready         |  out|    1|  ap_ctrl_hs|  LoadWeights_Pipeline_VITIS_LOOP_144_2|  return value|
|wstrm_TVALID     |   in|    1|        axis|                         wstrm_V_data_V|       pointer|
|wstrm_TDATA      |   in|   32|        axis|                         wstrm_V_data_V|       pointer|
|wstrm_TREADY     |  out|    1|        axis|                         wstrm_V_dest_V|       pointer|
|wstrm_TDEST      |   in|    6|        axis|                         wstrm_V_dest_V|       pointer|
|wstrm_TKEEP      |   in|    4|        axis|                         wstrm_V_keep_V|       pointer|
|wstrm_TSTRB      |   in|    4|        axis|                         wstrm_V_strb_V|       pointer|
|wstrm_TUSER      |   in|    2|        axis|                         wstrm_V_user_V|       pointer|
|wstrm_TLAST      |   in|    1|        axis|                         wstrm_V_last_V|       pointer|
|wstrm_TID        |   in|    5|        axis|                           wstrm_V_id_V|       pointer|
|point1_address0  |  out|    2|   ap_memory|                                 point1|         array|
|point1_ce0       |  out|    1|   ap_memory|                                 point1|         array|
|point1_we0       |  out|    1|   ap_memory|                                 point1|         array|
|point1_d0        |  out|   32|   ap_memory|                                 point1|         array|
+-----------------+-----+-----+------------+---------------------------------------+--------------+

