

================================================================
== Vitis HLS Report for 'MNIST'
================================================================
* Date:           Tue Jul 23 22:32:12 2024

* Version:        2022.1 (Build 3526262 on Mon Apr 18 15:47:01 MDT 2022)
* Project:        MNIST
* Solution:       solution1 (Vivado IP Flow Target)
* Product family: zynquplus
* Target device:  xck26-sfvc784-2LV-c


================================================================
== Performance Estimates
================================================================
+ Timing: 
    * Summary: 
    +--------+----------+----------+------------+
    |  Clock |  Target  | Estimated| Uncertainty|
    +--------+----------+----------+------------+
    |ap_clk  |  10.00 ns|  7.331 ns|     2.70 ns|
    +--------+----------+----------+------------+

+ Latency: 
    * Summary: 
    +---------+---------+-----------+-----------+------+------+----------+
    |  Latency (cycles) |   Latency (absolute)  |   Interval  | Pipeline |
    |   min   |   max   |    min    |    max    |  min |  max |   Type   |
    +---------+---------+-----------+-----------+------+------+----------+
    |     1735|     1735|  17.350 us|  17.350 us|  1297|  1297|  dataflow|
    +---------+---------+-----------+-----------+------+------+----------+

    + Detail: 
        * Instance: 
        +----------------------------------+---------------------------------+---------+---------+-----------+-----------+------+------+---------+
        |                                  |                                 |  Latency (cycles) |   Latency (absolute)  |   Interval  | Pipeline|
        |             Instance             |              Module             |   min   |   max   |    min    |    max    |  min |  max |   Type  |
        +----------------------------------+---------------------------------+---------+---------+-----------+-----------+------+------+---------+
        |LoadWeights_U0                    |LoadWeights                      |      438|      438|   4.380 us|   4.380 us|   438|   438|       no|
        |LoadInput_U0                      |LoadInput                        |      786|      786|   7.860 us|   7.860 us|   786|   786|       no|
        |DepthwiseConv2d_28_10_1_3_U0      |DepthwiseConv2d_28_10_1_3_s      |     1296|     1296|  12.960 us|  12.960 us|  1296|  1296|       no|
        |PointwiseConv2d_10_1_4_U0         |PointwiseConv2d_10_1_4_s         |      414|      414|   4.140 us|   4.140 us|   414|   414|       no|
        |DepthwiseConv2d_10_4_4_3_U0       |DepthwiseConv2d_10_4_4_3_s       |     1127|     1127|  11.270 us|  11.270 us|  1127|  1127|       no|
        |PointwiseConv2d_4_4_12_U0         |PointwiseConv2d_4_4_12_s         |      642|      642|   6.420 us|   6.420 us|   642|   642|       no|
        |DepthwiseConv2dFinal_4_1_12_4_U0  |DepthwiseConv2dFinal_4_1_12_4_s  |      280|      280|   2.800 us|   2.800 us|   280|   280|       no|
        |PointwiseConv2d_1_12_10_U0        |PointwiseConv2d_1_12_10_s        |       65|       65|   0.650 us|   0.650 us|    65|    65|       no|
        |Loop_VITIS_LOOP_226_1_proc6_U0    |Loop_VITIS_LOOP_226_1_proc6      |       13|       13|   0.130 us|   0.130 us|    13|    13|       no|
        +----------------------------------+---------------------------------+---------+---------+-----------+-----------+------+------+---------+

        * Loop: 
        N/A



================================================================
== Utilization Estimates
================================================================
* Summary: 
+-----------------+---------+------+--------+--------+-----+
|       Name      | BRAM_18K|  DSP |   FF   |   LUT  | URAM|
+-----------------+---------+------+--------+--------+-----+
|DSP              |        -|     -|       -|       -|    -|
|Expression       |        -|     -|       0|     184|    -|
|FIFO             |        -|     -|    1188|     799|    -|
|Instance         |       26|   156|   25179|   26489|    0|
|Memory           |        4|     -|    4352|     390|    0|
|Multiplexer      |        -|     -|       -|     378|    -|
|Register         |        -|     -|      42|       -|    -|
+-----------------+---------+------+--------+--------+-----+
|Total            |       30|   156|   30761|   28240|    0|
+-----------------+---------+------+--------+--------+-----+
|Available        |      288|  1248|  234240|  117120|   64|
+-----------------+---------+------+--------+--------+-----+
|Utilization (%)  |       10|    12|      13|      24|    0|
+-----------------+---------+------+--------+--------+-----+

+ Detail: 
    * Instance: 
    +----------------------------------+---------------------------------+---------+----+------+------+-----+
    |             Instance             |              Module             | BRAM_18K| DSP|  FF  |  LUT | URAM|
    +----------------------------------+---------------------------------+---------+----+------+------+-----+
    |CONTROL_BUS_s_axi_U               |CONTROL_BUS_s_axi                |        0|   0|    36|    40|    0|
    |DepthwiseConv2dFinal_4_1_12_4_U0  |DepthwiseConv2dFinal_4_1_12_4_s  |       24|  80|  9071|  6817|    0|
    |DepthwiseConv2d_10_4_4_3_U0       |DepthwiseConv2d_10_4_4_3_s       |        2|  15|  6017|  6542|    0|
    |DepthwiseConv2d_28_10_1_3_U0      |DepthwiseConv2d_28_10_1_3_s      |        0|  15|  3002|  3083|    0|
    |LoadInput_U0                      |LoadInput                        |        0|   0|    87|   135|    0|
    |LoadWeights_U0                    |LoadWeights                      |        0|   0|   111|   712|    0|
    |Loop_VITIS_LOOP_226_1_proc6_U0    |Loop_VITIS_LOOP_226_1_proc6      |        0|   0|    31|    92|    0|
    |PointwiseConv2d_10_1_4_U0         |PointwiseConv2d_10_1_4_s         |        0|   5|   828|   972|    0|
    |PointwiseConv2d_1_12_10_U0        |PointwiseConv2d_1_12_10_s        |        0|  21|  2603|  4201|    0|
    |PointwiseConv2d_4_4_12_U0         |PointwiseConv2d_4_4_12_s         |        0|  20|  3393|  3895|    0|
    +----------------------------------+---------------------------------+---------+----+------+------+-----+
    |Total                             |                                 |       26| 156| 25179| 26489|    0|
    +----------------------------------+---------------------------------+---------+----+------+------+-----+

    * DSP: 
    N/A

    * Memory: 
    +---------------+------------------------+---------+-----+----+-----+------+-----+------+-------------+
    |     Memory    |         Module         | BRAM_18K|  FF | LUT| URAM| Words| Bits| Banks| W*Bits*Banks|
    +---------------+------------------------+---------+-----+----+-----+------+-----+------+-------------+
    |depth1_w_U     |depth1_w_RAM_AUTO_1R1W  |        0|  128|  10|    0|     9|   32|     1|          288|
    |depth2_w_U     |depth2_w_RAM_AUTO_1R1W  |        4|    0|   0|    0|    36|   32|     1|         1152|
    |depth3_w_U     |depth3_w_RAM_AUTO_1R1W  |        0|  128|  24|    0|    24|   32|     1|          768|
    |depth3_w_1_U   |depth3_w_RAM_AUTO_1R1W  |        0|  128|  24|    0|    24|   32|     1|          768|
    |depth3_w_2_U   |depth3_w_RAM_AUTO_1R1W  |        0|  128|  24|    0|    24|   32|     1|          768|
    |depth3_w_3_U   |depth3_w_RAM_AUTO_1R1W  |        0|  128|  24|    0|    24|   32|     1|          768|
    |depth3_w_4_U   |depth3_w_RAM_AUTO_1R1W  |        0|  128|  24|    0|    24|   32|     1|          768|
    |depth3_w_5_U   |depth3_w_RAM_AUTO_1R1W  |        0|  128|  24|    0|    24|   32|     1|          768|
    |depth3_w_6_U   |depth3_w_RAM_AUTO_1R1W  |        0|  128|  24|    0|    24|   32|     1|          768|
    |depth3_w_7_U   |depth3_w_RAM_AUTO_1R1W  |        0|  128|  24|    0|    24|   32|     1|          768|
    |point1_w_U     |point1_w_RAM_AUTO_1R1W  |        0|  128|   4|    0|     4|   32|     1|          128|
    |point2_w_U     |point1_w_RAM_AUTO_1R1W  |        0|  128|   4|    0|     4|   32|     1|          128|
    |point2_w_1_U   |point1_w_RAM_AUTO_1R1W  |        0|  128|   4|    0|     4|   32|     1|          128|
    |point2_w_2_U   |point1_w_RAM_AUTO_1R1W  |        0|  128|   4|    0|     4|   32|     1|          128|
    |point2_w_3_U   |point1_w_RAM_AUTO_1R1W  |        0|  128|   4|    0|     4|   32|     1|          128|
    |point2_w_4_U   |point1_w_RAM_AUTO_1R1W  |        0|  128|   4|    0|     4|   32|     1|          128|
    |point2_w_5_U   |point1_w_RAM_AUTO_1R1W  |        0|  128|   4|    0|     4|   32|     1|          128|
    |point2_w_6_U   |point1_w_RAM_AUTO_1R1W  |        0|  128|   4|    0|     4|   32|     1|          128|
    |point2_w_7_U   |point1_w_RAM_AUTO_1R1W  |        0|  128|   4|    0|     4|   32|     1|          128|
    |point2_w_8_U   |point1_w_RAM_AUTO_1R1W  |        0|  128|   4|    0|     4|   32|     1|          128|
    |point2_w_9_U   |point1_w_RAM_AUTO_1R1W  |        0|  128|   4|    0|     4|   32|     1|          128|
    |point2_w_10_U  |point1_w_RAM_AUTO_1R1W  |        0|  128|   4|    0|     4|   32|     1|          128|
    |point2_w_11_U  |point1_w_RAM_AUTO_1R1W  |        0|  128|   4|    0|     4|   32|     1|          128|
    |point2_w_12_U  |point1_w_RAM_AUTO_1R1W  |        0|  128|   4|    0|     4|   32|     1|          128|
    |point3_w_U     |point3_w_RAM_AUTO_1R1W  |        0|  128|  12|    0|    11|   32|     1|          352|
    |point3_w_1_U   |point3_w_RAM_AUTO_1R1W  |        0|  128|  12|    0|    11|   32|     1|          352|
    |point3_w_2_U   |point3_w_RAM_AUTO_1R1W  |        0|  128|  12|    0|    11|   32|     1|          352|
    |point3_w_3_U   |point3_w_RAM_AUTO_1R1W  |        0|  128|  12|    0|    11|   32|     1|          352|
    |point3_w_4_U   |point3_w_RAM_AUTO_1R1W  |        0|  128|  12|    0|    11|   32|     1|          352|
    |point3_w_5_U   |point3_w_RAM_AUTO_1R1W  |        0|  128|  12|    0|    11|   32|     1|          352|
    |point3_w_6_U   |point3_w_RAM_AUTO_1R1W  |        0|  128|  12|    0|    11|   32|     1|          352|
    |point3_w_7_U   |point3_w_RAM_AUTO_1R1W  |        0|  128|  12|    0|    11|   32|     1|          352|
    |point3_w_8_U   |point3_w_RAM_AUTO_1R1W  |        0|  128|  12|    0|    11|   32|     1|          352|
    |point3_w_9_U   |point3_w_RAM_AUTO_1R1W  |        0|  128|  12|    0|    11|   32|     1|          352|
    |point3_w_10_U  |point3_w_RAM_AUTO_1R1W  |        0|  128|  12|    0|    11|   32|     1|          352|
    +---------------+------------------------+---------+-----+----+-----+------+-----+------+-------------+
    |Total          |                        |        4| 4352| 390|    0|   414| 1120|    35|        13248|
    +---------------+------------------------+---------+-----+----+-----+------+-----+------+-------------+

    * FIFO: 
    +--------------+---------+----+----+-----+------+-----+---------+
    |     Name     | BRAM_18K| FF | LUT| URAM| Depth| Bits| Size:D*B|
    +--------------+---------+----+----+-----+------+-----+---------+
    |depth1_o_U    |        0|  99|   0|    -|     2|   32|       64|
    |depth2_o_U    |        0|  99|   0|    -|     2|   32|       64|
    |depth3_o_U    |        0|  99|   0|    -|     2|   32|       64|
    |input_U       |        0|  99|   0|    -|     2|   32|       64|
    |pix_dest_V_U  |        0|  99|   0|    -|     8|    6|       48|
    |pix_id_V_U    |        0|  99|   0|    -|     8|    5|       40|
    |pix_keep_V_U  |        0|  99|   0|    -|     8|    4|       32|
    |pix_strb_V_U  |        0|  99|   0|    -|     8|    4|       32|
    |pix_user_V_U  |        0|  99|   0|    -|     8|    2|       16|
    |point1_o_U    |        0|  99|   0|    -|     2|   32|       64|
    |point2_o_U    |        0|  99|   0|    -|     2|   32|       64|
    |point3_o_U    |        0|  99|   0|    -|     2|   32|       64|
    +--------------+---------+----+----+-----+------+-----+---------+
    |Total         |        0|1188|   0|    0|    54|  245|      616|
    +--------------+---------+----+----+-----+------+-----+---------+

    * Expression: 
    +-------------------------------------------+----------+----+---+----+------------+------------+
    |               Variable Name               | Operation| DSP| FF| LUT| Bitwidth P0| Bitwidth P1|
    +-------------------------------------------+----------+----+---+----+------------+------------+
    |DepthwiseConv2dFinal_4_1_12_4_U0_ap_start  |       and|   0|  0|   2|           1|           1|
    |LoadInput_U0_ap_continue                   |       and|   0|  0|   2|           1|           1|
    |LoadInput_U0_ap_start                      |       and|   0|  0|   2|           1|           1|
    |LoadWeights_U0_ap_continue                 |       and|   0|  0|   2|           1|           1|
    |LoadWeights_U0_ap_start                    |       and|   0|  0|   2|           1|           1|
    |Loop_VITIS_LOOP_226_1_proc6_U0_ap_start    |       and|   0|  0|   2|           1|           1|
    |PointwiseConv2d_1_12_10_U0_ap_start        |       and|   0|  0|   2|           1|           1|
    |PointwiseConv2d_4_4_12_U0_ap_start         |       and|   0|  0|   2|           1|           1|
    |ap_channel_done_depth1_w                   |       and|   0|  0|   2|           1|           1|
    |ap_channel_done_depth2_w                   |       and|   0|  0|   2|           1|           1|
    |ap_channel_done_depth3_w                   |       and|   0|  0|   2|           1|           1|
    |ap_channel_done_depth3_w_1                 |       and|   0|  0|   2|           1|           1|
    |ap_channel_done_depth3_w_2                 |       and|   0|  0|   2|           1|           1|
    |ap_channel_done_depth3_w_3                 |       and|   0|  0|   2|           1|           1|
    |ap_channel_done_depth3_w_4                 |       and|   0|  0|   2|           1|           1|
    |ap_channel_done_depth3_w_5                 |       and|   0|  0|   2|           1|           1|
    |ap_channel_done_depth3_w_6                 |       and|   0|  0|   2|           1|           1|
    |ap_channel_done_depth3_w_7                 |       and|   0|  0|   2|           1|           1|
    |ap_channel_done_pix_dest_V                 |       and|   0|  0|   2|           1|           1|
    |ap_channel_done_pix_id_V                   |       and|   0|  0|   2|           1|           1|
    |ap_channel_done_pix_keep_V                 |       and|   0|  0|   2|           1|           1|
    |ap_channel_done_pix_strb_V                 |       and|   0|  0|   2|           1|           1|
    |ap_channel_done_pix_user_V                 |       and|   0|  0|   2|           1|           1|
    |ap_channel_done_point1_w                   |       and|   0|  0|   2|           1|           1|
    |ap_channel_done_point2_w                   |       and|   0|  0|   2|           1|           1|
    |ap_channel_done_point2_w_1                 |       and|   0|  0|   2|           1|           1|
    |ap_channel_done_point2_w_10                |       and|   0|  0|   2|           1|           1|
    |ap_channel_done_point2_w_11                |       and|   0|  0|   2|           1|           1|
    |ap_channel_done_point2_w_12                |       and|   0|  0|   2|           1|           1|
    |ap_channel_done_point2_w_2                 |       and|   0|  0|   2|           1|           1|
    |ap_channel_done_point2_w_3                 |       and|   0|  0|   2|           1|           1|
    |ap_channel_done_point2_w_4                 |       and|   0|  0|   2|           1|           1|
    |ap_channel_done_point2_w_5                 |       and|   0|  0|   2|           1|           1|
    |ap_channel_done_point2_w_6                 |       and|   0|  0|   2|           1|           1|
    |ap_channel_done_point2_w_7                 |       and|   0|  0|   2|           1|           1|
    |ap_channel_done_point2_w_8                 |       and|   0|  0|   2|           1|           1|
    |ap_channel_done_point2_w_9                 |       and|   0|  0|   2|           1|           1|
    |ap_channel_done_point3_w                   |       and|   0|  0|   2|           1|           1|
    |ap_channel_done_point3_w_1                 |       and|   0|  0|   2|           1|           1|
    |ap_channel_done_point3_w_10                |       and|   0|  0|   2|           1|           1|
    |ap_channel_done_point3_w_2                 |       and|   0|  0|   2|           1|           1|
    |ap_channel_done_point3_w_3                 |       and|   0|  0|   2|           1|           1|
    |ap_channel_done_point3_w_4                 |       and|   0|  0|   2|           1|           1|
    |ap_channel_done_point3_w_5                 |       and|   0|  0|   2|           1|           1|
    |ap_channel_done_point3_w_6                 |       and|   0|  0|   2|           1|           1|
    |ap_channel_done_point3_w_7                 |       and|   0|  0|   2|           1|           1|
    |ap_channel_done_point3_w_8                 |       and|   0|  0|   2|           1|           1|
    |ap_channel_done_point3_w_9                 |       and|   0|  0|   2|           1|           1|
    |ap_idle                                    |       and|   0|  0|   2|           1|           1|
    |ap_sync_ready                              |       and|   0|  0|   2|           1|           1|
    |ap_sync_LoadInput_U0_ap_ready              |        or|   0|  0|   2|           1|           1|
    |ap_sync_LoadWeights_U0_ap_ready            |        or|   0|  0|   2|           1|           1|
    |ap_sync_channel_write_depth1_w             |        or|   0|  0|   2|           1|           1|
    |ap_sync_channel_write_depth2_w             |        or|   0|  0|   2|           1|           1|
    |ap_sync_channel_write_depth3_w             |        or|   0|  0|   2|           1|           1|
    |ap_sync_channel_write_depth3_w_1           |        or|   0|  0|   2|           1|           1|
    |ap_sync_channel_write_depth3_w_2           |        or|   0|  0|   2|           1|           1|
    |ap_sync_channel_write_depth3_w_3           |        or|   0|  0|   2|           1|           1|
    |ap_sync_channel_write_depth3_w_4           |        or|   0|  0|   2|           1|           1|
    |ap_sync_channel_write_depth3_w_5           |        or|   0|  0|   2|           1|           1|
    |ap_sync_channel_write_depth3_w_6           |        or|   0|  0|   2|           1|           1|
    |ap_sync_channel_write_depth3_w_7           |        or|   0|  0|   2|           1|           1|
    |ap_sync_channel_write_pix_dest_V           |        or|   0|  0|   2|           1|           1|
    |ap_sync_channel_write_pix_id_V             |        or|   0|  0|   2|           1|           1|
    |ap_sync_channel_write_pix_keep_V           |        or|   0|  0|   2|           1|           1|
    |ap_sync_channel_write_pix_strb_V           |        or|   0|  0|   2|           1|           1|
    |ap_sync_channel_write_pix_user_V           |        or|   0|  0|   2|           1|           1|
    |ap_sync_channel_write_point1_w             |        or|   0|  0|   2|           1|           1|
    |ap_sync_channel_write_point2_w             |        or|   0|  0|   2|           1|           1|
    |ap_sync_channel_write_point2_w_1           |        or|   0|  0|   2|           1|           1|
    |ap_sync_channel_write_point2_w_10          |        or|   0|  0|   2|           1|           1|
    |ap_sync_channel_write_point2_w_11          |        or|   0|  0|   2|           1|           1|
    |ap_sync_channel_write_point2_w_12          |        or|   0|  0|   2|           1|           1|
    |ap_sync_channel_write_point2_w_2           |        or|   0|  0|   2|           1|           1|
    |ap_sync_channel_write_point2_w_3           |        or|   0|  0|   2|           1|           1|
    |ap_sync_channel_write_point2_w_4           |        or|   0|  0|   2|           1|           1|
    |ap_sync_channel_write_point2_w_5           |        or|   0|  0|   2|           1|           1|
    |ap_sync_channel_write_point2_w_6           |        or|   0|  0|   2|           1|           1|
    |ap_sync_channel_write_point2_w_7           |        or|   0|  0|   2|           1|           1|
    |ap_sync_channel_write_point2_w_8           |        or|   0|  0|   2|           1|           1|
    |ap_sync_channel_write_point2_w_9           |        or|   0|  0|   2|           1|           1|
    |ap_sync_channel_write_point3_w             |        or|   0|  0|   2|           1|           1|
    |ap_sync_channel_write_point3_w_1           |        or|   0|  0|   2|           1|           1|
    |ap_sync_channel_write_point3_w_10          |        or|   0|  0|   2|           1|           1|
    |ap_sync_channel_write_point3_w_2           |        or|   0|  0|   2|           1|           1|
    |ap_sync_channel_write_point3_w_3           |        or|   0|  0|   2|           1|           1|
    |ap_sync_channel_write_point3_w_4           |        or|   0|  0|   2|           1|           1|
    |ap_sync_channel_write_point3_w_5           |        or|   0|  0|   2|           1|           1|
    |ap_sync_channel_write_point3_w_6           |        or|   0|  0|   2|           1|           1|
    |ap_sync_channel_write_point3_w_7           |        or|   0|  0|   2|           1|           1|
    |ap_sync_channel_write_point3_w_8           |        or|   0|  0|   2|           1|           1|
    |ap_sync_channel_write_point3_w_9           |        or|   0|  0|   2|           1|           1|
    +-------------------------------------------+----------+----+---+----+------------+------------+
    |Total                                      |          |   0|  0| 184|          92|          92|
    +-------------------------------------------+----------+----+---+----+------------+------------+

    * Multiplexer: 
    +---------------------------------------+----+-----------+-----+-----------+
    |                  Name                 | LUT| Input Size| Bits| Total Bits|
    +---------------------------------------+----+-----------+-----+-----------+
    |ap_sync_reg_LoadInput_U0_ap_ready      |   9|          2|    1|          2|
    |ap_sync_reg_LoadWeights_U0_ap_ready    |   9|          2|    1|          2|
    |ap_sync_reg_channel_write_depth1_w     |   9|          2|    1|          2|
    |ap_sync_reg_channel_write_depth2_w     |   9|          2|    1|          2|
    |ap_sync_reg_channel_write_depth3_w     |   9|          2|    1|          2|
    |ap_sync_reg_channel_write_depth3_w_1   |   9|          2|    1|          2|
    |ap_sync_reg_channel_write_depth3_w_2   |   9|          2|    1|          2|
    |ap_sync_reg_channel_write_depth3_w_3   |   9|          2|    1|          2|
    |ap_sync_reg_channel_write_depth3_w_4   |   9|          2|    1|          2|
    |ap_sync_reg_channel_write_depth3_w_5   |   9|          2|    1|          2|
    |ap_sync_reg_channel_write_depth3_w_6   |   9|          2|    1|          2|
    |ap_sync_reg_channel_write_depth3_w_7   |   9|          2|    1|          2|
    |ap_sync_reg_channel_write_pix_dest_V   |   9|          2|    1|          2|
    |ap_sync_reg_channel_write_pix_id_V     |   9|          2|    1|          2|
    |ap_sync_reg_channel_write_pix_keep_V   |   9|          2|    1|          2|
    |ap_sync_reg_channel_write_pix_strb_V   |   9|          2|    1|          2|
    |ap_sync_reg_channel_write_pix_user_V   |   9|          2|    1|          2|
    |ap_sync_reg_channel_write_point1_w     |   9|          2|    1|          2|
    |ap_sync_reg_channel_write_point2_w     |   9|          2|    1|          2|
    |ap_sync_reg_channel_write_point2_w_1   |   9|          2|    1|          2|
    |ap_sync_reg_channel_write_point2_w_10  |   9|          2|    1|          2|
    |ap_sync_reg_channel_write_point2_w_11  |   9|          2|    1|          2|
    |ap_sync_reg_channel_write_point2_w_12  |   9|          2|    1|          2|
    |ap_sync_reg_channel_write_point2_w_2   |   9|          2|    1|          2|
    |ap_sync_reg_channel_write_point2_w_3   |   9|          2|    1|          2|
    |ap_sync_reg_channel_write_point2_w_4   |   9|          2|    1|          2|
    |ap_sync_reg_channel_write_point2_w_5   |   9|          2|    1|          2|
    |ap_sync_reg_channel_write_point2_w_6   |   9|          2|    1|          2|
    |ap_sync_reg_channel_write_point2_w_7   |   9|          2|    1|          2|
    |ap_sync_reg_channel_write_point2_w_8   |   9|          2|    1|          2|
    |ap_sync_reg_channel_write_point2_w_9   |   9|          2|    1|          2|
    |ap_sync_reg_channel_write_point3_w     |   9|          2|    1|          2|
    |ap_sync_reg_channel_write_point3_w_1   |   9|          2|    1|          2|
    |ap_sync_reg_channel_write_point3_w_10  |   9|          2|    1|          2|
    |ap_sync_reg_channel_write_point3_w_2   |   9|          2|    1|          2|
    |ap_sync_reg_channel_write_point3_w_3   |   9|          2|    1|          2|
    |ap_sync_reg_channel_write_point3_w_4   |   9|          2|    1|          2|
    |ap_sync_reg_channel_write_point3_w_5   |   9|          2|    1|          2|
    |ap_sync_reg_channel_write_point3_w_6   |   9|          2|    1|          2|
    |ap_sync_reg_channel_write_point3_w_7   |   9|          2|    1|          2|
    |ap_sync_reg_channel_write_point3_w_8   |   9|          2|    1|          2|
    |ap_sync_reg_channel_write_point3_w_9   |   9|          2|    1|          2|
    +---------------------------------------+----+-----------+-----+-----------+
    |Total                                  | 378|         84|   42|         84|
    +---------------------------------------+----+-----------+-----+-----------+

    * Register: 
    +---------------------------------------+---+----+-----+-----------+
    |                  Name                 | FF| LUT| Bits| Const Bits|
    +---------------------------------------+---+----+-----+-----------+
    |ap_sync_reg_LoadInput_U0_ap_ready      |  1|   0|    1|          0|
    |ap_sync_reg_LoadWeights_U0_ap_ready    |  1|   0|    1|          0|
    |ap_sync_reg_channel_write_depth1_w     |  1|   0|    1|          0|
    |ap_sync_reg_channel_write_depth2_w     |  1|   0|    1|          0|
    |ap_sync_reg_channel_write_depth3_w     |  1|   0|    1|          0|
    |ap_sync_reg_channel_write_depth3_w_1   |  1|   0|    1|          0|
    |ap_sync_reg_channel_write_depth3_w_2   |  1|   0|    1|          0|
    |ap_sync_reg_channel_write_depth3_w_3   |  1|   0|    1|          0|
    |ap_sync_reg_channel_write_depth3_w_4   |  1|   0|    1|          0|
    |ap_sync_reg_channel_write_depth3_w_5   |  1|   0|    1|          0|
    |ap_sync_reg_channel_write_depth3_w_6   |  1|   0|    1|          0|
    |ap_sync_reg_channel_write_depth3_w_7   |  1|   0|    1|          0|
    |ap_sync_reg_channel_write_pix_dest_V   |  1|   0|    1|          0|
    |ap_sync_reg_channel_write_pix_id_V     |  1|   0|    1|          0|
    |ap_sync_reg_channel_write_pix_keep_V   |  1|   0|    1|          0|
    |ap_sync_reg_channel_write_pix_strb_V   |  1|   0|    1|          0|
    |ap_sync_reg_channel_write_pix_user_V   |  1|   0|    1|          0|
    |ap_sync_reg_channel_write_point1_w     |  1|   0|    1|          0|
    |ap_sync_reg_channel_write_point2_w     |  1|   0|    1|          0|
    |ap_sync_reg_channel_write_point2_w_1   |  1|   0|    1|          0|
    |ap_sync_reg_channel_write_point2_w_10  |  1|   0|    1|          0|
    |ap_sync_reg_channel_write_point2_w_11  |  1|   0|    1|          0|
    |ap_sync_reg_channel_write_point2_w_12  |  1|   0|    1|          0|
    |ap_sync_reg_channel_write_point2_w_2   |  1|   0|    1|          0|
    |ap_sync_reg_channel_write_point2_w_3   |  1|   0|    1|          0|
    |ap_sync_reg_channel_write_point2_w_4   |  1|   0|    1|          0|
    |ap_sync_reg_channel_write_point2_w_5   |  1|   0|    1|          0|
    |ap_sync_reg_channel_write_point2_w_6   |  1|   0|    1|          0|
    |ap_sync_reg_channel_write_point2_w_7   |  1|   0|    1|          0|
    |ap_sync_reg_channel_write_point2_w_8   |  1|   0|    1|          0|
    |ap_sync_reg_channel_write_point2_w_9   |  1|   0|    1|          0|
    |ap_sync_reg_channel_write_point3_w     |  1|   0|    1|          0|
    |ap_sync_reg_channel_write_point3_w_1   |  1|   0|    1|          0|
    |ap_sync_reg_channel_write_point3_w_10  |  1|   0|    1|          0|
    |ap_sync_reg_channel_write_point3_w_2   |  1|   0|    1|          0|
    |ap_sync_reg_channel_write_point3_w_3   |  1|   0|    1|          0|
    |ap_sync_reg_channel_write_point3_w_4   |  1|   0|    1|          0|
    |ap_sync_reg_channel_write_point3_w_5   |  1|   0|    1|          0|
    |ap_sync_reg_channel_write_point3_w_6   |  1|   0|    1|          0|
    |ap_sync_reg_channel_write_point3_w_7   |  1|   0|    1|          0|
    |ap_sync_reg_channel_write_point3_w_8   |  1|   0|    1|          0|
    |ap_sync_reg_channel_write_point3_w_9   |  1|   0|    1|          0|
    +---------------------------------------+---+----+-----+-----------+
    |Total                                  | 42|   0|   42|          0|
    +---------------------------------------+---+----+-----+-----------+



================================================================
== Interface
================================================================
* Summary: 
+---------------------------+-----+-----+------------+----------------+--------------+
|         RTL Ports         | Dir | Bits|  Protocol  |  Source Object |    C Type    |
+---------------------------+-----+-----+------------+----------------+--------------+
|s_axi_CONTROL_BUS_AWVALID  |   in|    1|       s_axi|     CONTROL_BUS|   return void|
|s_axi_CONTROL_BUS_AWREADY  |  out|    1|       s_axi|     CONTROL_BUS|   return void|
|s_axi_CONTROL_BUS_AWADDR   |   in|    4|       s_axi|     CONTROL_BUS|   return void|
|s_axi_CONTROL_BUS_WVALID   |   in|    1|       s_axi|     CONTROL_BUS|   return void|
|s_axi_CONTROL_BUS_WREADY   |  out|    1|       s_axi|     CONTROL_BUS|   return void|
|s_axi_CONTROL_BUS_WDATA    |   in|   32|       s_axi|     CONTROL_BUS|   return void|
|s_axi_CONTROL_BUS_WSTRB    |   in|    4|       s_axi|     CONTROL_BUS|   return void|
|s_axi_CONTROL_BUS_ARVALID  |   in|    1|       s_axi|     CONTROL_BUS|   return void|
|s_axi_CONTROL_BUS_ARREADY  |  out|    1|       s_axi|     CONTROL_BUS|   return void|
|s_axi_CONTROL_BUS_ARADDR   |   in|    4|       s_axi|     CONTROL_BUS|   return void|
|s_axi_CONTROL_BUS_RVALID   |  out|    1|       s_axi|     CONTROL_BUS|   return void|
|s_axi_CONTROL_BUS_RREADY   |   in|    1|       s_axi|     CONTROL_BUS|   return void|
|s_axi_CONTROL_BUS_RDATA    |  out|   32|       s_axi|     CONTROL_BUS|   return void|
|s_axi_CONTROL_BUS_RRESP    |  out|    2|       s_axi|     CONTROL_BUS|   return void|
|s_axi_CONTROL_BUS_BVALID   |  out|    1|       s_axi|     CONTROL_BUS|   return void|
|s_axi_CONTROL_BUS_BREADY   |   in|    1|       s_axi|     CONTROL_BUS|   return void|
|s_axi_CONTROL_BUS_BRESP    |  out|    2|       s_axi|     CONTROL_BUS|   return void|
|ap_clk                     |   in|    1|  ap_ctrl_hs|           MNIST|  return value|
|ap_rst_n                   |   in|    1|  ap_ctrl_hs|           MNIST|  return value|
|interrupt                  |  out|    1|  ap_ctrl_hs|           MNIST|  return value|
|istrm_TDATA                |   in|   32|        axis|  istrm_V_data_V|       pointer|
|istrm_TKEEP                |   in|    4|        axis|  istrm_V_keep_V|       pointer|
|istrm_TSTRB                |   in|    4|        axis|  istrm_V_strb_V|       pointer|
|istrm_TUSER                |   in|    2|        axis|  istrm_V_user_V|       pointer|
|istrm_TLAST                |   in|    1|        axis|  istrm_V_last_V|       pointer|
|istrm_TID                  |   in|    5|        axis|    istrm_V_id_V|       pointer|
|istrm_TDEST                |   in|    6|        axis|  istrm_V_dest_V|       pointer|
|istrm_TVALID               |   in|    1|        axis|  istrm_V_dest_V|       pointer|
|istrm_TREADY               |  out|    1|        axis|  istrm_V_dest_V|       pointer|
|wstrm_TDATA                |   in|   32|        axis|  wstrm_V_data_V|       pointer|
|wstrm_TKEEP                |   in|    4|        axis|  wstrm_V_keep_V|       pointer|
|wstrm_TSTRB                |   in|    4|        axis|  wstrm_V_strb_V|       pointer|
|wstrm_TUSER                |   in|    2|        axis|  wstrm_V_user_V|       pointer|
|wstrm_TLAST                |   in|    1|        axis|  wstrm_V_last_V|       pointer|
|wstrm_TID                  |   in|    5|        axis|    wstrm_V_id_V|       pointer|
|wstrm_TDEST                |   in|    6|        axis|  wstrm_V_dest_V|       pointer|
|wstrm_TVALID               |   in|    1|        axis|  wstrm_V_dest_V|       pointer|
|wstrm_TREADY               |  out|    1|        axis|  wstrm_V_dest_V|       pointer|
|ostrm_TDATA                |  out|   32|        axis|  ostrm_V_data_V|       pointer|
|ostrm_TKEEP                |  out|    4|        axis|  ostrm_V_keep_V|       pointer|
|ostrm_TSTRB                |  out|    4|        axis|  ostrm_V_strb_V|       pointer|
|ostrm_TUSER                |  out|    2|        axis|  ostrm_V_user_V|       pointer|
|ostrm_TLAST                |  out|    1|        axis|  ostrm_V_last_V|       pointer|
|ostrm_TID                  |  out|    5|        axis|    ostrm_V_id_V|       pointer|
|ostrm_TDEST                |  out|    6|        axis|  ostrm_V_dest_V|       pointer|
|ostrm_TVALID               |  out|    1|        axis|  ostrm_V_dest_V|       pointer|
|ostrm_TREADY               |   in|    1|        axis|  ostrm_V_dest_V|       pointer|
+---------------------------+-----+-----+------------+----------------+--------------+

