

================================================================
== Vitis HLS Report for 'PointwiseConv2d_1_12_10_Pipeline_VITIS_LOOP_16_4'
================================================================
* Date:           Tue Jul 23 13:57:56 2024

* Version:        2022.1 (Build 3526262 on Mon Apr 18 15:47:01 MDT 2022)
* Project:        MNIST
* Solution:       solution1 (Vivado IP Flow Target)
* Product family: zynquplus
* Target device:  xck26-sfvc784-2LV-c


================================================================
== Performance Estimates
================================================================
+ Timing: 
    * Summary: 
    +--------+----------+----------+------------+
    |  Clock |  Target  | Estimated| Uncertainty|
    +--------+----------+----------+------------+
    |ap_clk  |  10.00 ns|  7.360 ns|     2.70 ns|
    +--------+----------+----------+------------+

+ Latency: 
    * Summary: 
    +---------+---------+----------+----------+-----+-----+---------+
    |  Latency (cycles) |  Latency (absolute) |  Interval | Pipeline|
    |   min   |   max   |    min   |    max   | min | max |   Type  |
    +---------+---------+----------+----------+-----+-----+---------+
    |       69|       69|  0.690 us|  0.690 us|   69|   69|       no|
    +---------+---------+----------+----------+-----+-----+---------+

    + Detail: 
        * Instance: 
        N/A

        * Loop: 
        +-------------------+---------+---------+----------+-----------+-----------+------+----------+
        |                   |  Latency (cycles) | Iteration|  Initiation Interval  | Trip |          |
        |     Loop Name     |   min   |   max   |  Latency |  achieved |   target  | Count| Pipelined|
        +-------------------+---------+---------+----------+-----------+-----------+------+----------+
        |- VITIS_LOOP_16_4  |       67|       67|        13|          5|          1|    12|       yes|
        +-------------------+---------+---------+----------+-----------+-----------+------+----------+



================================================================
== Utilization Estimates
================================================================
* Summary: 
+-----------------+---------+------+--------+--------+-----+
|       Name      | BRAM_18K|  DSP |   FF   |   LUT  | URAM|
+-----------------+---------+------+--------+--------+-----+
|DSP              |        -|     -|       -|       -|    -|
|Expression       |        -|     -|       0|     120|    -|
|FIFO             |        -|     -|       -|       -|    -|
|Instance         |        -|    10|     710|     698|    -|
|Memory           |        -|     -|       -|       -|    -|
|Multiplexer      |        -|     -|       -|     469|    -|
|Register         |        -|     -|    1052|       -|    -|
+-----------------+---------+------+--------+--------+-----+
|Total            |        0|    10|    1762|    1287|    0|
+-----------------+---------+------+--------+--------+-----+
|Available        |      288|  1248|  234240|  117120|   64|
+-----------------+---------+------+--------+--------+-----+
|Utilization (%)  |        0|    ~0|      ~0|       1|    0|
+-----------------+---------+------+--------+--------+-----+

+ Detail: 
    * Instance: 
    +-------------------------------------+--------------------------------+---------+----+-----+-----+-----+
    |               Instance              |             Module             | BRAM_18K| DSP|  FF | LUT | URAM|
    +-------------------------------------+--------------------------------+---------+----+-----+-----+-----+
    |fadd_32ns_32ns_32_4_full_dsp_1_U306  |fadd_32ns_32ns_32_4_full_dsp_1  |        0|   2|  227|  214|    0|
    |fadd_32ns_32ns_32_4_full_dsp_1_U307  |fadd_32ns_32ns_32_4_full_dsp_1  |        0|   2|  227|  214|    0|
    |fmul_32ns_32ns_32_3_max_dsp_1_U308   |fmul_32ns_32ns_32_3_max_dsp_1   |        0|   3|  128|  135|    0|
    |fmul_32ns_32ns_32_3_max_dsp_1_U309   |fmul_32ns_32ns_32_3_max_dsp_1   |        0|   3|  128|  135|    0|
    +-------------------------------------+--------------------------------+---------+----+-----+-----+-----+
    |Total                                |                                |        0|  10|  710|  698|    0|
    +-------------------------------------+--------------------------------+---------+----+-----+-----+-----+

    * DSP: 
    N/A

    * Memory: 
    N/A

    * FIFO: 
    N/A

    * Expression: 
    +----------------------------------+----------+----+---+----+------------+------------+
    |           Variable Name          | Operation| DSP| FF| LUT| Bitwidth P0| Bitwidth P1|
    +----------------------------------+----------+----+---+----+------------+------------+
    |add_ln16_fu_373_p2                |         +|   0|  0|  12|           4|           1|
    |add_ln22_1_fu_407_p2              |         +|   0|  0|  13|           6|           5|
    |add_ln22_2_fu_418_p2              |         +|   0|  0|  13|           6|           6|
    |add_ln22_3_fu_453_p2              |         +|   0|  0|  14|           7|           6|
    |add_ln22_4_fu_464_p2              |         +|   0|  0|  14|           7|           7|
    |add_ln22_5_fu_474_p2              |         +|   0|  0|  14|           7|           7|
    |add_ln22_6_fu_500_p2              |         +|   0|  0|  13|           6|           6|
    |add_ln22_fu_388_p2                |         +|   0|  0|  12|           5|           4|
    |ap_block_pp0_stage1_11001         |       and|   0|  0|   2|           1|           1|
    |ap_block_state2_pp0_stage1_iter0  |       and|   0|  0|   2|           1|           1|
    |icmp_ln16_fu_367_p2               |      icmp|   0|  0|   9|           4|           4|
    |ap_enable_pp0                     |       xor|   0|  0|   2|           1|           2|
    +----------------------------------+----------+----+---+----+------------+------------+
    |Total                             |          |   0|  0| 120|          55|          50|
    +----------------------------------+----------+----+---+----+------------+------------+

    * Multiplexer: 
    +----------------------------------+----+-----------+-----+-----------+
    |               Name               | LUT| Input Size| Bits| Total Bits|
    +----------------------------------+----+-----------+-----+-----------+
    |ap_NS_fsm                         |  31|          6|    1|          6|
    |ap_done_int                       |   9|          2|    1|          2|
    |ap_enable_reg_pp0_iter0           |   9|          2|    1|          2|
    |ap_enable_reg_pp0_iter1           |   9|          2|    1|          2|
    |ap_enable_reg_pp0_iter2           |   9|          2|    1|          2|
    |ap_loop_exit_ready_pp0_iter1_reg  |   9|          2|    1|          2|
    |ap_sig_allocacmp_ic_1             |   9|          2|    4|          8|
    |depth3_o79_blk_n                  |   9|          2|    1|          2|
    |grp_fu_293_p0                     |  31|          6|   32|        192|
    |grp_fu_293_p1                     |  31|          6|   32|        192|
    |grp_fu_297_p0                     |  31|          6|   32|        192|
    |grp_fu_297_p1                     |  31|          6|   32|        192|
    |grp_fu_301_p0                     |  14|          3|   32|         96|
    |grp_fu_301_p1                     |  31|          6|   32|        192|
    |grp_fu_305_p0                     |  14|          3|   32|         96|
    |grp_fu_305_p1                     |  31|          6|   32|        192|
    |ic_fu_124                         |   9|          2|    4|          8|
    |out_buf_13_fu_84                  |   9|          2|   32|         64|
    |out_buf_14_fu_88                  |   9|          2|   32|         64|
    |out_buf_15_fu_92                  |   9|          2|   32|         64|
    |out_buf_16_fu_96                  |   9|          2|   32|         64|
    |out_buf_17_fu_100                 |   9|          2|   32|         64|
    |out_buf_18_fu_104                 |   9|          2|   32|         64|
    |out_buf_19_fu_108                 |   9|          2|   32|         64|
    |out_buf_20_fu_112                 |   9|          2|   32|         64|
    |out_buf_21_fu_116                 |   9|          2|   32|         64|
    |out_buf_22_fu_120                 |   9|          2|   32|         64|
    |weights_address0                  |  31|          6|    7|         42|
    |weights_address1                  |  31|          6|    7|         42|
    +----------------------------------+----+-----------+-----+-----------+
    |Total                             | 469|         96|  605|       2102|
    +----------------------------------+----+-----------+-----+-----------+

    * Register: 
    +----------------------------------+----+----+-----+-----------+
    |               Name               | FF | LUT| Bits| Const Bits|
    +----------------------------------+----+----+-----+-----------+
    |ap_CS_fsm                         |   5|   0|    5|          0|
    |ap_done_reg                       |   1|   0|    1|          0|
    |ap_enable_reg_pp0_iter0_reg       |   1|   0|    1|          0|
    |ap_enable_reg_pp0_iter1           |   1|   0|    1|          0|
    |ap_enable_reg_pp0_iter2           |   1|   0|    1|          0|
    |ap_loop_exit_ready_pp0_iter1_reg  |   1|   0|    1|          0|
    |depth3_o79_read_reg_758           |  32|   0|   32|          0|
    |ic_1_reg_731                      |   4|   0|    4|          0|
    |ic_cast21_reg_783                 |   4|   0|    7|          3|
    |ic_cast25_reg_753                 |   4|   0|    6|          2|
    |ic_fu_124                         |   4|   0|    4|          0|
    |icmp_ln16_reg_739                 |   1|   0|    1|          0|
    |icmp_ln16_reg_739_pp0_iter1_reg   |   1|   0|    1|          0|
    |mul20_1_reg_840                   |  32|   0|   32|          0|
    |mul20_2_reg_875                   |  32|   0|   32|          0|
    |mul20_3_reg_880                   |  32|   0|   32|          0|
    |mul20_4_reg_905                   |  32|   0|   32|          0|
    |mul20_5_reg_910                   |  32|   0|   32|          0|
    |mul20_6_reg_925                   |  32|   0|   32|          0|
    |mul20_7_reg_930                   |  32|   0|   32|          0|
    |mul20_8_reg_945                   |  32|   0|   32|          0|
    |mul20_9_reg_950                   |  32|   0|   32|          0|
    |mul_reg_835                       |  32|   0|   32|          0|
    |out_buf_13_fu_84                  |  32|   0|   32|          0|
    |out_buf_14_fu_88                  |  32|   0|   32|          0|
    |out_buf_15_fu_92                  |  32|   0|   32|          0|
    |out_buf_16_fu_96                  |  32|   0|   32|          0|
    |out_buf_17_fu_100                 |  32|   0|   32|          0|
    |out_buf_18_fu_104                 |  32|   0|   32|          0|
    |out_buf_19_fu_108                 |  32|   0|   32|          0|
    |out_buf_20_fu_112                 |  32|   0|   32|          0|
    |out_buf_21_fu_116                 |  32|   0|   32|          0|
    |out_buf_22_fu_120                 |  32|   0|   32|          0|
    |tmp_reg_789                       |  32|   0|   32|          0|
    |weights_load_15_reg_768           |  32|   0|   32|          0|
    |weights_load_16_reg_795           |  32|   0|   32|          0|
    |weights_load_17_reg_800           |  32|   0|   32|          0|
    |weights_load_18_reg_815           |  32|   0|   32|          0|
    |weights_load_19_reg_820           |  32|   0|   32|          0|
    |weights_load_20_reg_845           |  32|   0|   32|          0|
    |weights_load_21_reg_850           |  32|   0|   32|          0|
    |weights_load_22_reg_885           |  32|   0|   32|          0|
    |weights_load_23_reg_890           |  32|   0|   32|          0|
    |weights_load_reg_763              |  32|   0|   32|          0|
    +----------------------------------+----+----+-----+-----------+
    |Total                             |1052|   0| 1057|          5|
    +----------------------------------+----+----+-----+-----------+



================================================================
== Interface
================================================================
* Summary: 
+---------------------------+-----+-----+------------+-----------------------------------------------------+--------------+
|         RTL Ports         | Dir | Bits|  Protocol  |                    Source Object                    |    C Type    |
+---------------------------+-----+-----+------------+-----------------------------------------------------+--------------+
|ap_clk                     |   in|    1|  ap_ctrl_hs|  PointwiseConv2d<1, 12, 10>_Pipeline_VITIS_LOOP_16_4|  return value|
|ap_rst                     |   in|    1|  ap_ctrl_hs|  PointwiseConv2d<1, 12, 10>_Pipeline_VITIS_LOOP_16_4|  return value|
|ap_start                   |   in|    1|  ap_ctrl_hs|  PointwiseConv2d<1, 12, 10>_Pipeline_VITIS_LOOP_16_4|  return value|
|ap_done                    |  out|    1|  ap_ctrl_hs|  PointwiseConv2d<1, 12, 10>_Pipeline_VITIS_LOOP_16_4|  return value|
|ap_idle                    |  out|    1|  ap_ctrl_hs|  PointwiseConv2d<1, 12, 10>_Pipeline_VITIS_LOOP_16_4|  return value|
|ap_ready                   |  out|    1|  ap_ctrl_hs|  PointwiseConv2d<1, 12, 10>_Pipeline_VITIS_LOOP_16_4|  return value|
|depth3_o79_dout            |   in|   32|     ap_fifo|                                           depth3_o79|       pointer|
|depth3_o79_num_data_valid  |   in|    2|     ap_fifo|                                           depth3_o79|       pointer|
|depth3_o79_fifo_cap        |   in|    2|     ap_fifo|                                           depth3_o79|       pointer|
|depth3_o79_empty_n         |   in|    1|     ap_fifo|                                           depth3_o79|       pointer|
|depth3_o79_read            |  out|    1|     ap_fifo|                                           depth3_o79|       pointer|
|weights_address0           |  out|    7|   ap_memory|                                              weights|         array|
|weights_ce0                |  out|    1|   ap_memory|                                              weights|         array|
|weights_q0                 |   in|   32|   ap_memory|                                              weights|         array|
|weights_address1           |  out|    7|   ap_memory|                                              weights|         array|
|weights_ce1                |  out|    1|   ap_memory|                                              weights|         array|
|weights_q1                 |   in|   32|   ap_memory|                                              weights|         array|
|add23_916_out              |  out|   32|      ap_vld|                                        add23_916_out|       pointer|
|add23_916_out_ap_vld       |  out|    1|      ap_vld|                                        add23_916_out|       pointer|
|add23_815_out              |  out|   32|      ap_vld|                                        add23_815_out|       pointer|
|add23_815_out_ap_vld       |  out|    1|      ap_vld|                                        add23_815_out|       pointer|
|add23_714_out              |  out|   32|      ap_vld|                                        add23_714_out|       pointer|
|add23_714_out_ap_vld       |  out|    1|      ap_vld|                                        add23_714_out|       pointer|
|add23_613_out              |  out|   32|      ap_vld|                                        add23_613_out|       pointer|
|add23_613_out_ap_vld       |  out|    1|      ap_vld|                                        add23_613_out|       pointer|
|add23_512_out              |  out|   32|      ap_vld|                                        add23_512_out|       pointer|
|add23_512_out_ap_vld       |  out|    1|      ap_vld|                                        add23_512_out|       pointer|
|add23_411_out              |  out|   32|      ap_vld|                                        add23_411_out|       pointer|
|add23_411_out_ap_vld       |  out|    1|      ap_vld|                                        add23_411_out|       pointer|
|add23_310_out              |  out|   32|      ap_vld|                                        add23_310_out|       pointer|
|add23_310_out_ap_vld       |  out|    1|      ap_vld|                                        add23_310_out|       pointer|
|add23_29_out               |  out|   32|      ap_vld|                                         add23_29_out|       pointer|
|add23_29_out_ap_vld        |  out|    1|      ap_vld|                                         add23_29_out|       pointer|
|add23_18_out               |  out|   32|      ap_vld|                                         add23_18_out|       pointer|
|add23_18_out_ap_vld        |  out|    1|      ap_vld|                                         add23_18_out|       pointer|
|add237_out                 |  out|   32|      ap_vld|                                           add237_out|       pointer|
|add237_out_ap_vld          |  out|    1|      ap_vld|                                           add237_out|       pointer|
+---------------------------+-----+-----+------------+-----------------------------------------------------+--------------+

