

================================================================
== Vitis HLS Report for 'PointwiseConv2d_10_1_4_s'
================================================================
* Date:           Tue Jul 23 13:57:40 2024

* Version:        2022.1 (Build 3526262 on Mon Apr 18 15:47:01 MDT 2022)
* Project:        MNIST
* Solution:       solution1 (Vivado IP Flow Target)
* Product family: zynquplus
* Target device:  xck26-sfvc784-2LV-c


================================================================
== Performance Estimates
================================================================
+ Timing: 
    * Summary: 
    +--------+----------+----------+------------+
    |  Clock |  Target  | Estimated| Uncertainty|
    +--------+----------+----------+------------+
    |ap_clk  |  10.00 ns|  7.016 ns|     2.70 ns|
    +--------+----------+----------+------------+

+ Latency: 
    * Summary: 
    +---------+---------+----------+----------+-----+-----+---------+
    |  Latency (cycles) |  Latency (absolute) |  Interval | Pipeline|
    |   min   |   max   |    min   |    max   | min | max |   Type  |
    +---------+---------+----------+----------+-----+-----+---------+
    |      414|      414|  4.140 us|  4.140 us|  414|  414|       no|
    +---------+---------+----------+----------+-----+-----+---------+

    + Detail: 
        * Instance: 
        +--------------------------------------------------------------------------+----------------------------------------------------------------+---------+---------+----------+----------+-----+-----+---------+
        |                                                                          |                                                                |  Latency (cycles) |  Latency (absolute) |  Interval | Pipeline|
        |                                 Instance                                 |                             Module                             |   min   |   max   |    min   |    max   | min | max |   Type  |
        +--------------------------------------------------------------------------+----------------------------------------------------------------+---------+---------+----------+----------+-----+-----+---------+
        |grp_PointwiseConv2d_10_1_4_Pipeline_VITIS_LOOP_9_1_VITIS_LOOP_11_2_fu_73  |PointwiseConv2d_10_1_4_Pipeline_VITIS_LOOP_9_1_VITIS_LOOP_11_2  |      411|      411|  4.110 us|  4.110 us|  411|  411|       no|
        +--------------------------------------------------------------------------+----------------------------------------------------------------+---------+---------+----------+----------+-----+-----+---------+

        * Loop: 
        N/A



================================================================
== Utilization Estimates
================================================================
* Summary: 
+-----------------+---------+------+--------+--------+-----+
|       Name      | BRAM_18K|  DSP |   FF   |   LUT  | URAM|
+-----------------+---------+------+--------+--------+-----+
|DSP              |        -|     -|       -|       -|    -|
|Expression       |        -|     -|       0|       2|    -|
|FIFO             |        -|     -|       -|       -|    -|
|Instance         |        -|     5|     694|     889|    -|
|Memory           |        -|     -|       -|       -|    -|
|Multiplexer      |        -|     -|       -|      81|    -|
|Register         |        -|     -|     134|       -|    -|
+-----------------+---------+------+--------+--------+-----+
|Total            |        0|     5|     828|     972|    0|
+-----------------+---------+------+--------+--------+-----+
|Available        |      288|  1248|  234240|  117120|   64|
+-----------------+---------+------+--------+--------+-----+
|Utilization (%)  |        0|    ~0|      ~0|      ~0|    0|
+-----------------+---------+------+--------+--------+-----+

+ Detail: 
    * Instance: 
    +--------------------------------------------------------------------------+----------------------------------------------------------------+---------+----+-----+-----+-----+
    |                                 Instance                                 |                             Module                             | BRAM_18K| DSP|  FF | LUT | URAM|
    +--------------------------------------------------------------------------+----------------------------------------------------------------+---------+----+-----+-----+-----+
    |grp_PointwiseConv2d_10_1_4_Pipeline_VITIS_LOOP_9_1_VITIS_LOOP_11_2_fu_73  |PointwiseConv2d_10_1_4_Pipeline_VITIS_LOOP_9_1_VITIS_LOOP_11_2  |        0|   5|  694|  889|    0|
    +--------------------------------------------------------------------------+----------------------------------------------------------------+---------+----+-----+-----+-----+
    |Total                                                                     |                                                                |        0|   5|  694|  889|    0|
    +--------------------------------------------------------------------------+----------------------------------------------------------------+---------+----+-----+-----+-----+

    * DSP: 
    N/A

    * Memory: 
    N/A

    * FIFO: 
    N/A

    * Expression: 
    +-----------------+----------+----+---+----+------------+------------+
    |  Variable Name  | Operation| DSP| FF| LUT| Bitwidth P0| Bitwidth P1|
    +-----------------+----------+----+---+----+------------+------------+
    |ap_block_state1  |        or|   0|  0|   2|           1|           1|
    +-----------------+----------+----+---+----+------------+------------+
    |Total            |          |   0|  0|   2|           1|           1|
    +-----------------+----------+----+---+----+------------+------------+

    * Multiplexer: 
    +------------------+----+-----------+-----+-----------+
    |       Name       | LUT| Input Size| Bits| Total Bits|
    +------------------+----+-----------+-----+-----------+
    |ap_NS_fsm         |  26|          5|    1|          5|
    |ap_done           |   9|          2|    1|          2|
    |depth1_o75_read   |   9|          2|    1|          2|
    |point1_o76_write  |   9|          2|    1|          2|
    |weights_address0  |  14|          3|    2|          6|
    |weights_address1  |  14|          3|    2|          6|
    +------------------+----+-----------+-----+-----------+
    |Total             |  81|         17|    8|         23|
    +------------------+----+-----------+-----+-----------+

    * Register: 
    +---------------------------------------------------------------------------------------+----+----+-----+-----------+
    |                                          Name                                         | FF | LUT| Bits| Const Bits|
    +---------------------------------------------------------------------------------------+----+----+-----+-----------+
    |ap_CS_fsm                                                                              |   4|   0|    4|          0|
    |ap_done_reg                                                                            |   1|   0|    1|          0|
    |grp_PointwiseConv2d_10_1_4_Pipeline_VITIS_LOOP_9_1_VITIS_LOOP_11_2_fu_73_ap_start_reg  |   1|   0|    1|          0|
    |weights_load_12_reg_102                                                                |  32|   0|   32|          0|
    |weights_load_13_reg_117                                                                |  32|   0|   32|          0|
    |weights_load_14_reg_122                                                                |  32|   0|   32|          0|
    |weights_load_reg_97                                                                    |  32|   0|   32|          0|
    +---------------------------------------------------------------------------------------+----+----+-----+-----------+
    |Total                                                                                  | 134|   0|  134|          0|
    +---------------------------------------------------------------------------------------+----+----+-----+-----------+



================================================================
== Interface
================================================================
* Summary: 
+---------------------------+-----+-----+------------+---------------------------+--------------+
|         RTL Ports         | Dir | Bits|  Protocol  |       Source Object       |    C Type    |
+---------------------------+-----+-----+------------+---------------------------+--------------+
|ap_clk                     |   in|    1|  ap_ctrl_hs|  PointwiseConv2d<10, 1, 4>|  return value|
|ap_rst                     |   in|    1|  ap_ctrl_hs|  PointwiseConv2d<10, 1, 4>|  return value|
|ap_start                   |   in|    1|  ap_ctrl_hs|  PointwiseConv2d<10, 1, 4>|  return value|
|ap_done                    |  out|    1|  ap_ctrl_hs|  PointwiseConv2d<10, 1, 4>|  return value|
|ap_continue                |   in|    1|  ap_ctrl_hs|  PointwiseConv2d<10, 1, 4>|  return value|
|ap_idle                    |  out|    1|  ap_ctrl_hs|  PointwiseConv2d<10, 1, 4>|  return value|
|ap_ready                   |  out|    1|  ap_ctrl_hs|  PointwiseConv2d<10, 1, 4>|  return value|
|depth1_o75_dout            |   in|   32|     ap_fifo|                 depth1_o75|       pointer|
|depth1_o75_num_data_valid  |   in|    2|     ap_fifo|                 depth1_o75|       pointer|
|depth1_o75_fifo_cap        |   in|    2|     ap_fifo|                 depth1_o75|       pointer|
|depth1_o75_empty_n         |   in|    1|     ap_fifo|                 depth1_o75|       pointer|
|depth1_o75_read            |  out|    1|     ap_fifo|                 depth1_o75|       pointer|
|weights_address0           |  out|    2|   ap_memory|                    weights|         array|
|weights_ce0                |  out|    1|   ap_memory|                    weights|         array|
|weights_q0                 |   in|   32|   ap_memory|                    weights|         array|
|weights_address1           |  out|    2|   ap_memory|                    weights|         array|
|weights_ce1                |  out|    1|   ap_memory|                    weights|         array|
|weights_q1                 |   in|   32|   ap_memory|                    weights|         array|
|point1_o76_din             |  out|   32|     ap_fifo|                 point1_o76|       pointer|
|point1_o76_num_data_valid  |   in|    2|     ap_fifo|                 point1_o76|       pointer|
|point1_o76_fifo_cap        |   in|    2|     ap_fifo|                 point1_o76|       pointer|
|point1_o76_full_n          |   in|    1|     ap_fifo|                 point1_o76|       pointer|
|point1_o76_write           |  out|    1|     ap_fifo|                 point1_o76|       pointer|
+---------------------------+-----+-----+------------+---------------------------+--------------+

