

================================================================
== Vitis HLS Report for 'PointwiseConv2d_4_4_12_Pipeline_VITIS_LOOP_9_1_VITIS_LOOP_11_2'
================================================================
* Date:           Tue Jul 23 11:39:08 2024

* Version:        2022.1 (Build 3526262 on Mon Apr 18 15:47:01 MDT 2022)
* Project:        MNIST
* Solution:       solution1 (Vivado IP Flow Target)
* Product family: zynquplus
* Target device:  xck26-sfvc784-2LV-c


================================================================
== Performance Estimates
================================================================
+ Timing: 
    * Summary: 
    +--------+----------+----------+------------+
    |  Clock |  Target  | Estimated| Uncertainty|
    +--------+----------+----------+------------+
    |ap_clk  |  10.00 ns|  7.331 ns|     2.70 ns|
    +--------+----------+----------+------------+

+ Latency: 
    * Summary: 
    +---------+---------+----------+----------+-----+-----+---------+
    |  Latency (cycles) |  Latency (absolute) |  Interval | Pipeline|
    |   min   |   max   |    min   |    max   | min | max |   Type  |
    +---------+---------+----------+----------+-----+-----+---------+
    |      225|      225|  2.250 us|  2.250 us|  225|  225|       no|
    +---------+---------+----------+----------+-----+-----+---------+

    + Detail: 
        * Instance: 
        N/A

        * Loop: 
        +----------------------------------+---------+---------+----------+-----------+-----------+------+----------+
        |                                  |  Latency (cycles) | Iteration|  Initiation Interval  | Trip |          |
        |             Loop Name            |   min   |   max   |  Latency |  achieved |   target  | Count| Pipelined|
        +----------------------------------+---------+---------+----------+-----------+-----------+------+----------+
        |- VITIS_LOOP_9_1_VITIS_LOOP_11_2  |      223|      223|        44|         12|          1|    16|       yes|
        +----------------------------------+---------+---------+----------+-----------+-----------+------+----------+



================================================================
== Utilization Estimates
================================================================
* Summary: 
+-----------------+---------+------+--------+--------+-----+
|       Name      | BRAM_18K|  DSP |   FF   |   LUT  | URAM|
+-----------------+---------+------+--------+--------+-----+
|DSP              |        -|     -|       -|       -|    -|
|Expression       |        -|     -|       0|     788|    -|
|FIFO             |        -|     -|       -|       -|    -|
|Instance         |        -|    20|    1420|    1396|    -|
|Memory           |        -|     -|       -|       -|    -|
|Multiplexer      |        -|     -|       -|    1119|    -|
|Register         |        -|     -|    2809|      32|    -|
+-----------------+---------+------+--------+--------+-----+
|Total            |        0|    20|    4229|    3335|    0|
+-----------------+---------+------+--------+--------+-----+
|Available        |      288|  1248|  234240|  117120|   64|
+-----------------+---------+------+--------+--------+-----+
|Utilization (%)  |        0|     1|       1|       2|    0|
+-----------------+---------+------+--------+--------+-----+

+ Detail: 
    * Instance: 
    +-------------------------------------+--------------------------------+---------+----+-----+-----+-----+
    |               Instance              |             Module             | BRAM_18K| DSP|  FF | LUT | URAM|
    +-------------------------------------+--------------------------------+---------+----+-----+-----+-----+
    |fadd_32ns_32ns_32_4_full_dsp_1_U186  |fadd_32ns_32ns_32_4_full_dsp_1  |        0|   2|  227|  214|    0|
    |fadd_32ns_32ns_32_4_full_dsp_1_U187  |fadd_32ns_32ns_32_4_full_dsp_1  |        0|   2|  227|  214|    0|
    |fadd_32ns_32ns_32_4_full_dsp_1_U188  |fadd_32ns_32ns_32_4_full_dsp_1  |        0|   2|  227|  214|    0|
    |fadd_32ns_32ns_32_4_full_dsp_1_U189  |fadd_32ns_32ns_32_4_full_dsp_1  |        0|   2|  227|  214|    0|
    |fcmp_32ns_32ns_1_2_no_dsp_1_U194     |fcmp_32ns_32ns_1_2_no_dsp_1     |        0|   0|    0|    0|    0|
    |fmul_32ns_32ns_32_3_max_dsp_1_U190   |fmul_32ns_32ns_32_3_max_dsp_1   |        0|   3|  128|  135|    0|
    |fmul_32ns_32ns_32_3_max_dsp_1_U191   |fmul_32ns_32ns_32_3_max_dsp_1   |        0|   3|  128|  135|    0|
    |fmul_32ns_32ns_32_3_max_dsp_1_U192   |fmul_32ns_32ns_32_3_max_dsp_1   |        0|   3|  128|  135|    0|
    |fmul_32ns_32ns_32_3_max_dsp_1_U193   |fmul_32ns_32ns_32_3_max_dsp_1   |        0|   3|  128|  135|    0|
    +-------------------------------------+--------------------------------+---------+----+-----+-----+-----+
    |Total                                |                                |        0|  20| 1420| 1396|    0|
    +-------------------------------------+--------------------------------+---------+----+-----+-----+-----+

    * DSP: 
    N/A

    * Memory: 
    N/A

    * FIFO: 
    N/A

    * Expression: 
    +----------------------------------+----------+----+---+----+------------+------------+
    |           Variable Name          | Operation| DSP| FF| LUT| Bitwidth P0| Bitwidth P1|
    +----------------------------------+----------+----+---+----+------------+------------+
    |add_ln9_fu_665_p2                 |         +|   0|  0|  12|           5|           1|
    |and_ln24_10_fu_1233_p2            |       and|   0|  0|   2|           1|           1|
    |and_ln24_11_fu_1282_p2            |       and|   0|  0|   2|           1|           1|
    |and_ln24_1_fu_785_p2              |       and|   0|  0|   2|           1|           1|
    |and_ln24_2_fu_835_p2              |       and|   0|  0|   2|           1|           1|
    |and_ln24_3_fu_885_p2              |       and|   0|  0|   2|           1|           1|
    |and_ln24_4_fu_935_p2              |       and|   0|  0|   2|           1|           1|
    |and_ln24_5_fu_984_p2              |       and|   0|  0|   2|           1|           1|
    |and_ln24_6_fu_1034_p2             |       and|   0|  0|   2|           1|           1|
    |and_ln24_7_fu_1083_p2             |       and|   0|  0|   2|           1|           1|
    |and_ln24_8_fu_1133_p2             |       and|   0|  0|   2|           1|           1|
    |and_ln24_9_fu_1183_p2             |       and|   0|  0|   2|           1|           1|
    |and_ln24_fu_735_p2                |       and|   0|  0|   2|           1|           1|
    |ap_block_pp0_stage0_00001         |       and|   0|  0|   2|           1|           1|
    |ap_block_pp0_stage10_00001        |       and|   0|  0|   2|           1|           1|
    |ap_block_state2_pp0_stage1_iter0  |       and|   0|  0|   2|           1|           1|
    |icmp_ln24_10_fu_966_p2            |      icmp|   0|  0|  11|           8|           2|
    |icmp_ln24_11_fu_972_p2            |      icmp|   0|  0|  16|          23|           1|
    |icmp_ln24_12_fu_1016_p2           |      icmp|   0|  0|  11|           8|           2|
    |icmp_ln24_13_fu_1022_p2           |      icmp|   0|  0|  16|          23|           1|
    |icmp_ln24_14_fu_1065_p2           |      icmp|   0|  0|  11|           8|           2|
    |icmp_ln24_15_fu_1071_p2           |      icmp|   0|  0|  16|          23|           1|
    |icmp_ln24_16_fu_1115_p2           |      icmp|   0|  0|  11|           8|           2|
    |icmp_ln24_17_fu_1121_p2           |      icmp|   0|  0|  16|          23|           1|
    |icmp_ln24_18_fu_1165_p2           |      icmp|   0|  0|  11|           8|           2|
    |icmp_ln24_19_fu_1171_p2           |      icmp|   0|  0|  16|          23|           1|
    |icmp_ln24_1_fu_723_p2             |      icmp|   0|  0|  16|          23|           1|
    |icmp_ln24_20_fu_1215_p2           |      icmp|   0|  0|  11|           8|           2|
    |icmp_ln24_21_fu_1221_p2           |      icmp|   0|  0|  16|          23|           1|
    |icmp_ln24_22_fu_1264_p2           |      icmp|   0|  0|  11|           8|           2|
    |icmp_ln24_23_fu_1270_p2           |      icmp|   0|  0|  16|          23|           1|
    |icmp_ln24_2_fu_767_p2             |      icmp|   0|  0|  11|           8|           2|
    |icmp_ln24_3_fu_773_p2             |      icmp|   0|  0|  16|          23|           1|
    |icmp_ln24_4_fu_817_p2             |      icmp|   0|  0|  11|           8|           2|
    |icmp_ln24_5_fu_823_p2             |      icmp|   0|  0|  16|          23|           1|
    |icmp_ln24_6_fu_867_p2             |      icmp|   0|  0|  11|           8|           2|
    |icmp_ln24_7_fu_873_p2             |      icmp|   0|  0|  16|          23|           1|
    |icmp_ln24_8_fu_917_p2             |      icmp|   0|  0|  11|           8|           2|
    |icmp_ln24_9_fu_923_p2             |      icmp|   0|  0|  16|          23|           1|
    |icmp_ln24_fu_717_p2               |      icmp|   0|  0|  11|           8|           2|
    |icmp_ln9_fu_659_p2                |      icmp|   0|  0|  10|           5|           6|
    |ap_block_pp0_stage1_00001         |        or|   0|  0|   2|           1|           1|
    |or_ln24_10_fu_1227_p2             |        or|   0|  0|   2|           1|           1|
    |or_ln24_11_fu_1276_p2             |        or|   0|  0|   2|           1|           1|
    |or_ln24_1_fu_779_p2               |        or|   0|  0|   2|           1|           1|
    |or_ln24_2_fu_829_p2               |        or|   0|  0|   2|           1|           1|
    |or_ln24_3_fu_879_p2               |        or|   0|  0|   2|           1|           1|
    |or_ln24_4_fu_929_p2               |        or|   0|  0|   2|           1|           1|
    |or_ln24_5_fu_978_p2               |        or|   0|  0|   2|           1|           1|
    |or_ln24_6_fu_1028_p2              |        or|   0|  0|   2|           1|           1|
    |or_ln24_7_fu_1077_p2              |        or|   0|  0|   2|           1|           1|
    |or_ln24_8_fu_1127_p2              |        or|   0|  0|   2|           1|           1|
    |or_ln24_9_fu_1177_p2              |        or|   0|  0|   2|           1|           1|
    |or_ln24_fu_729_p2                 |        or|   0|  0|   2|           1|           1|
    |select_ln174_10_fu_1239_p3        |    select|   0|  0|  32|           1|          32|
    |select_ln174_11_fu_1288_p3        |    select|   0|  0|  32|           1|          32|
    |select_ln174_1_fu_791_p3          |    select|   0|  0|  32|           1|          32|
    |select_ln174_2_fu_841_p3          |    select|   0|  0|  32|           1|          32|
    |select_ln174_3_fu_891_p3          |    select|   0|  0|  32|           1|          32|
    |select_ln174_4_fu_941_p3          |    select|   0|  0|  32|           1|          32|
    |select_ln174_5_fu_990_p3          |    select|   0|  0|  32|           1|          32|
    |select_ln174_6_fu_1040_p3         |    select|   0|  0|  32|           1|          32|
    |select_ln174_7_fu_1089_p3         |    select|   0|  0|  32|           1|          32|
    |select_ln174_8_fu_1139_p3         |    select|   0|  0|  32|           1|          32|
    |select_ln174_9_fu_1189_p3         |    select|   0|  0|  32|           1|          32|
    |select_ln174_fu_741_p3            |    select|   0|  0|  32|           1|          32|
    |ap_enable_pp0                     |       xor|   0|  0|   2|           1|           2|
    +----------------------------------+----------+----+---+----+------------+------------+
    |Total                             |          |   0|  0| 788|         423|         457|
    +----------------------------------+----------+----+---+----+------------+------------+

    * Multiplexer: 
    +--------------------------------------+----+-----------+-----+-----------+
    |                 Name                 | LUT| Input Size| Bits| Total Bits|
    +--------------------------------------+----+-----------+-----+-----------+
    |ap_NS_fsm                             |  65|         13|    1|         13|
    |ap_done_int                           |   9|          2|    1|          2|
    |ap_enable_reg_pp0_iter0               |   9|          2|    1|          2|
    |ap_enable_reg_pp0_iter1               |   9|          2|    1|          2|
    |ap_enable_reg_pp0_iter3               |   9|          2|    1|          2|
    |ap_loop_exit_ready_pp0_iter1_reg      |   9|          2|    1|          2|
    |ap_loop_exit_ready_pp0_iter2_reg      |   9|          2|    1|          2|
    |ap_sig_allocacmp_indvar_flatten_load  |   9|          2|    5|         10|
    |depth2_o77_blk_n                      |   9|          2|    1|          2|
    |grp_fu_455_p0                         |  49|          9|   32|        288|
    |grp_fu_455_p1                         |  49|          9|   32|        288|
    |grp_fu_460_p0                         |  54|         10|   32|        320|
    |grp_fu_460_p1                         |  49|          9|   32|        288|
    |grp_fu_465_p0                         |  59|         11|   32|        352|
    |grp_fu_465_p1                         |  65|         13|   32|        416|
    |grp_fu_470_p0                         |  59|         11|   32|        352|
    |grp_fu_470_p1                         |  65|         13|   32|        416|
    |grp_fu_475_p0                         |  31|          6|   32|        192|
    |grp_fu_475_p1                         |  65|         13|   32|        416|
    |grp_fu_479_p0                         |  31|          6|   32|        192|
    |grp_fu_479_p1                         |  65|         13|   32|        416|
    |grp_fu_483_p0                         |  31|          6|   32|        192|
    |grp_fu_483_p1                         |  65|         13|   32|        416|
    |grp_fu_487_p0                         |  43|          8|   32|        256|
    |grp_fu_487_p1                         |  65|         13|   32|        416|
    |grp_fu_491_p0                         |  54|         10|   32|        320|
    |indvar_flatten_fu_150                 |   9|          2|    5|         10|
    |point2_o78_blk_n                      |   9|          2|    1|          2|
    |point2_o78_din                        |  65|         13|   32|        416|
    +--------------------------------------+----+-----------+-----+-----------+
    |Total                                 |1119|        219|  595|       6001|
    +--------------------------------------+----+-----------+-----+-----------+

    * Register: 
    +----------------------------------+----+----+-----+-----------+
    |               Name               | FF | LUT| Bits| Const Bits|
    +----------------------------------+----+----+-----+-----------+
    |ap_CS_fsm                         |  12|   0|   12|          0|
    |ap_done_reg                       |   1|   0|    1|          0|
    |ap_enable_reg_pp0_iter0_reg       |   1|   0|    1|          0|
    |ap_enable_reg_pp0_iter1           |   1|   0|    1|          0|
    |ap_enable_reg_pp0_iter2           |   1|   0|    1|          0|
    |ap_enable_reg_pp0_iter3           |   1|   0|    1|          0|
    |ap_loop_exit_ready_pp0_iter1_reg  |   1|   0|    1|          0|
    |ap_loop_exit_ready_pp0_iter2_reg  |   1|   0|    1|          0|
    |bitcast_ln145_1_reg_1556          |  32|   0|   32|          0|
    |bitcast_ln145_2_reg_1579          |  32|   0|   32|          0|
    |bitcast_ln145_3_reg_1607          |  32|   0|   32|          0|
    |bitcast_ln145_reg_1548            |  32|   0|   32|          0|
    |depth2_o77_read_3_reg_1564        |  32|   0|   32|          0|
    |icmp_ln9_reg_1544                 |   1|   0|    1|          0|
    |indvar_flatten_fu_150             |   5|   0|    5|          0|
    |mul_1_10_reg_1645                 |  32|   0|   32|          0|
    |mul_1_1_reg_1574                  |  32|   0|   32|          0|
    |mul_1_2_reg_1587                  |  32|   0|   32|          0|
    |mul_1_3_reg_1592                  |  32|   0|   32|          0|
    |mul_1_4_reg_1597                  |  32|   0|   32|          0|
    |mul_1_reg_1569                    |  32|   0|   32|          0|
    |mul_2_10_reg_1690                 |  32|   0|   32|          0|
    |mul_2_2_reg_1615                  |  32|   0|   32|          0|
    |mul_2_3_reg_1620                  |  32|   0|   32|          0|
    |mul_2_4_reg_1625                  |  32|   0|   32|          0|
    |mul_2_6_reg_1635                  |  32|   0|   32|          0|
    |mul_2_7_reg_1650                  |  32|   0|   32|          0|
    |mul_2_8_reg_1665                  |  32|   0|   32|          0|
    |mul_2_9_reg_1670                  |  32|   0|   32|          0|
    |mul_2_reg_1602                    |  32|   0|   32|          0|
    |mul_2_s_reg_1685                  |  32|   0|   32|          0|
    |mul_3_10_reg_1720                 |  32|   0|   32|          0|
    |mul_3_10_reg_1720_pp0_iter2_reg   |  32|   0|   32|          0|
    |mul_3_1_reg_1640                  |  32|   0|   32|          0|
    |mul_3_2_reg_1655                  |  32|   0|   32|          0|
    |mul_3_3_reg_1660                  |  32|   0|   32|          0|
    |mul_3_4_reg_1675                  |  32|   0|   32|          0|
    |mul_3_5_reg_1680                  |  32|   0|   32|          0|
    |mul_3_6_reg_1695                  |  32|   0|   32|          0|
    |mul_3_7_reg_1700                  |  32|   0|   32|          0|
    |mul_3_8_reg_1705                  |  32|   0|   32|          0|
    |mul_3_9_reg_1710                  |  32|   0|   32|          0|
    |mul_3_reg_1630                    |  32|   0|   32|          0|
    |mul_3_s_reg_1715                  |  32|   0|   32|          0|
    |mul_3_s_reg_1715_pp0_iter2_reg    |  32|   0|   32|          0|
    |out_buf_0_2_reg_1725              |  32|   0|   32|          0|
    |out_buf_10_1_reg_1735             |  32|   0|   32|          0|
    |out_buf_11_1_reg_1740             |  32|   0|   32|          0|
    |out_buf_11_3_reg_1817             |  32|   0|   32|          0|
    |out_buf_1_2_reg_1730              |  32|   0|   32|          0|
    |out_buf_5_3_reg_1765              |  32|   0|   32|          0|
    |out_buf_6_2_reg_1745              |  32|   0|   32|          0|
    |out_buf_7_2_reg_1750              |  32|   0|   32|          0|
    |out_buf_7_3_reg_1791              |  32|   0|   32|          0|
    |out_buf_8_2_reg_1755              |  32|   0|   32|          0|
    |out_buf_9_2_reg_1760              |  32|   0|   32|          0|
    |reg_496                           |  32|   0|   32|          0|
    |reg_500                           |  32|   0|   32|          0|
    |reg_505                           |  32|   0|   32|          0|
    |reg_511                           |  32|   0|   32|          0|
    |reg_517                           |  32|   0|   32|          0|
    |reg_523                           |  32|   0|   32|          0|
    |reg_529                           |  32|   0|   32|          0|
    |reg_535                           |  32|   0|   32|          0|
    |reg_541                           |  32|   0|   32|          0|
    |reg_547                           |  32|   0|   32|          0|
    |reg_553                           |  32|   0|   32|          0|
    |reg_559                           |  32|   0|   32|          0|
    |reg_564                           |  32|   0|   32|          0|
    |reg_569                           |  32|   0|   32|          0|
    |reg_575                           |  32|   0|   32|          0|
    |reg_580                           |  32|   0|   32|          0|
    |reg_586                           |  32|   0|   32|          0|
    |reg_592                           |  32|   0|   32|          0|
    |reg_597                           |  32|   0|   32|          0|
    |reg_602                           |  32|   0|   32|          0|
    |reg_607                           |  32|   0|   32|          0|
    |reg_612                           |  32|   0|   32|          0|
    |reg_617                           |  32|   0|   32|          0|
    |reg_622                           |  32|   0|   32|          0|
    |reg_628                           |  32|   0|   32|          0|
    |reg_634                           |  32|   0|   32|          0|
    |reg_640                           |  32|   0|   32|          0|
    |reg_645                           |  32|   0|   32|          0|
    |select_ln174_10_reg_1833          |  32|   0|   32|          0|
    |select_ln174_1_reg_1776           |  32|   0|   32|          0|
    |select_ln174_2_reg_1781           |  32|   0|   32|          0|
    |select_ln174_3_reg_1786           |  32|   0|   32|          0|
    |select_ln174_4_reg_1797           |  32|   0|   32|          0|
    |select_ln174_5_reg_1802           |  32|   0|   32|          0|
    |select_ln174_6_reg_1807           |  32|   0|   32|          0|
    |select_ln174_7_reg_1812           |  32|   0|   32|          0|
    |select_ln174_8_reg_1823           |  32|   0|   32|          0|
    |select_ln174_9_reg_1828           |  32|   0|   32|          0|
    |select_ln174_reg_1771             |  32|   0|   32|          0|
    |icmp_ln9_reg_1544                 |  64|  32|    1|          0|
    +----------------------------------+----+----+-----+-----------+
    |Total                             |2809|  32| 2746|          0|
    +----------------------------------+----+----+-----+-----------+



================================================================
== Interface
================================================================
* Summary: 
+---------------------------+-----+-----+------------+-------------------------------------------------------------------+--------------+
|         RTL Ports         | Dir | Bits|  Protocol  |                           Source Object                           |    C Type    |
+---------------------------+-----+-----+------------+-------------------------------------------------------------------+--------------+
|ap_clk                     |   in|    1|  ap_ctrl_hs|  PointwiseConv2d<4, 4, 12>_Pipeline_VITIS_LOOP_9_1_VITIS_LOOP_11_2|  return value|
|ap_rst                     |   in|    1|  ap_ctrl_hs|  PointwiseConv2d<4, 4, 12>_Pipeline_VITIS_LOOP_9_1_VITIS_LOOP_11_2|  return value|
|ap_start                   |   in|    1|  ap_ctrl_hs|  PointwiseConv2d<4, 4, 12>_Pipeline_VITIS_LOOP_9_1_VITIS_LOOP_11_2|  return value|
|ap_done                    |  out|    1|  ap_ctrl_hs|  PointwiseConv2d<4, 4, 12>_Pipeline_VITIS_LOOP_9_1_VITIS_LOOP_11_2|  return value|
|ap_idle                    |  out|    1|  ap_ctrl_hs|  PointwiseConv2d<4, 4, 12>_Pipeline_VITIS_LOOP_9_1_VITIS_LOOP_11_2|  return value|
|ap_ready                   |  out|    1|  ap_ctrl_hs|  PointwiseConv2d<4, 4, 12>_Pipeline_VITIS_LOOP_9_1_VITIS_LOOP_11_2|  return value|
|point2_o78_din             |  out|   32|     ap_fifo|                                                         point2_o78|       pointer|
|point2_o78_num_data_valid  |   in|    2|     ap_fifo|                                                         point2_o78|       pointer|
|point2_o78_fifo_cap        |   in|    2|     ap_fifo|                                                         point2_o78|       pointer|
|point2_o78_full_n          |   in|    1|     ap_fifo|                                                         point2_o78|       pointer|
|point2_o78_write           |  out|    1|     ap_fifo|                                                         point2_o78|       pointer|
|depth2_o77_dout            |   in|   32|     ap_fifo|                                                         depth2_o77|       pointer|
|depth2_o77_num_data_valid  |   in|    2|     ap_fifo|                                                         depth2_o77|       pointer|
|depth2_o77_fifo_cap        |   in|    2|     ap_fifo|                                                         depth2_o77|       pointer|
|depth2_o77_empty_n         |   in|    1|     ap_fifo|                                                         depth2_o77|       pointer|
|depth2_o77_read            |  out|    1|     ap_fifo|                                                         depth2_o77|       pointer|
|weights_load               |   in|   32|     ap_none|                                                       weights_load|        scalar|
|weights_load_1             |   in|   32|     ap_none|                                                     weights_load_1|        scalar|
|weights_load_2             |   in|   32|     ap_none|                                                     weights_load_2|        scalar|
|weights_load_3             |   in|   32|     ap_none|                                                     weights_load_3|        scalar|
|weights_load_4             |   in|   32|     ap_none|                                                     weights_load_4|        scalar|
|weights_load_5             |   in|   32|     ap_none|                                                     weights_load_5|        scalar|
|weights_load_6             |   in|   32|     ap_none|                                                     weights_load_6|        scalar|
|weights_load_7             |   in|   32|     ap_none|                                                     weights_load_7|        scalar|
|weights_load_8             |   in|   32|     ap_none|                                                     weights_load_8|        scalar|
|weights_load_9             |   in|   32|     ap_none|                                                     weights_load_9|        scalar|
|weights_load_10            |   in|   32|     ap_none|                                                    weights_load_10|        scalar|
|weights_load_11            |   in|   32|     ap_none|                                                    weights_load_11|        scalar|
|weights_load_12            |   in|   32|     ap_none|                                                    weights_load_12|        scalar|
|weights_load_13            |   in|   32|     ap_none|                                                    weights_load_13|        scalar|
|weights_load_14            |   in|   32|     ap_none|                                                    weights_load_14|        scalar|
|weights_load_15            |   in|   32|     ap_none|                                                    weights_load_15|        scalar|
|weights_load_16            |   in|   32|     ap_none|                                                    weights_load_16|        scalar|
|weights_load_17            |   in|   32|     ap_none|                                                    weights_load_17|        scalar|
|weights_load_18            |   in|   32|     ap_none|                                                    weights_load_18|        scalar|
|weights_load_19            |   in|   32|     ap_none|                                                    weights_load_19|        scalar|
|weights_load_20            |   in|   32|     ap_none|                                                    weights_load_20|        scalar|
|weights_load_21            |   in|   32|     ap_none|                                                    weights_load_21|        scalar|
|weights_load_22            |   in|   32|     ap_none|                                                    weights_load_22|        scalar|
|weights_load_23            |   in|   32|     ap_none|                                                    weights_load_23|        scalar|
|weights_load_24            |   in|   32|     ap_none|                                                    weights_load_24|        scalar|
|weights_load_25            |   in|   32|     ap_none|                                                    weights_load_25|        scalar|
|weights_load_26            |   in|   32|     ap_none|                                                    weights_load_26|        scalar|
|weights_load_27            |   in|   32|     ap_none|                                                    weights_load_27|        scalar|
|weights_load_28            |   in|   32|     ap_none|                                                    weights_load_28|        scalar|
|weights_load_29            |   in|   32|     ap_none|                                                    weights_load_29|        scalar|
|weights_load_30            |   in|   32|     ap_none|                                                    weights_load_30|        scalar|
|weights_load_31            |   in|   32|     ap_none|                                                    weights_load_31|        scalar|
|weights_load_32            |   in|   32|     ap_none|                                                    weights_load_32|        scalar|
|weights_load_33            |   in|   32|     ap_none|                                                    weights_load_33|        scalar|
|weights_load_34            |   in|   32|     ap_none|                                                    weights_load_34|        scalar|
|weights_load_35            |   in|   32|     ap_none|                                                    weights_load_35|        scalar|
|weights_load_36            |   in|   32|     ap_none|                                                    weights_load_36|        scalar|
|weights_load_37            |   in|   32|     ap_none|                                                    weights_load_37|        scalar|
|weights_load_38            |   in|   32|     ap_none|                                                    weights_load_38|        scalar|
|weights_load_39            |   in|   32|     ap_none|                                                    weights_load_39|        scalar|
|weights_load_40            |   in|   32|     ap_none|                                                    weights_load_40|        scalar|
|weights_load_41            |   in|   32|     ap_none|                                                    weights_load_41|        scalar|
|weights_load_42            |   in|   32|     ap_none|                                                    weights_load_42|        scalar|
|weights_load_43            |   in|   32|     ap_none|                                                    weights_load_43|        scalar|
|weights_load_44            |   in|   32|     ap_none|                                                    weights_load_44|        scalar|
|weights_load_45            |   in|   32|     ap_none|                                                    weights_load_45|        scalar|
|weights_load_46            |   in|   32|     ap_none|                                                    weights_load_46|        scalar|
|weights_load_47            |   in|   32|     ap_none|                                                    weights_load_47|        scalar|
+---------------------------+-----+-----+------------+-------------------------------------------------------------------+--------------+

