

================================================================
== Vitis HLS Report for 'PointwiseConv2d_1_12_10_s'
================================================================
* Date:           Tue Jul 23 13:57:57 2024

* Version:        2022.1 (Build 3526262 on Mon Apr 18 15:47:01 MDT 2022)
* Project:        MNIST
* Solution:       solution1 (Vivado IP Flow Target)
* Product family: zynquplus
* Target device:  xck26-sfvc784-2LV-c


================================================================
== Performance Estimates
================================================================
+ Timing: 
    * Summary: 
    +--------+----------+----------+------------+
    |  Clock |  Target  | Estimated| Uncertainty|
    +--------+----------+----------+------------+
    |ap_clk  |  10.00 ns|  7.360 ns|     2.70 ns|
    +--------+----------+----------+------------+

+ Latency: 
    * Summary: 
    +---------+---------+----------+----------+-----+-----+---------+
    |  Latency (cycles) |  Latency (absolute) |  Interval | Pipeline|
    |   min   |   max   |    min   |    max   | min | max |   Type  |
    +---------+---------+----------+----------+-----+-----+---------+
    |       85|       85|  0.850 us|  0.850 us|   85|   85|       no|
    +---------+---------+----------+----------+-----+-----+---------+

    + Detail: 
        * Instance: 
        +------------------------------------------------------------+--------------------------------------------------+---------+---------+----------+----------+-----+-----+---------+
        |                                                            |                                                  |  Latency (cycles) |  Latency (absolute) |  Interval | Pipeline|
        |                          Instance                          |                      Module                      |   min   |   max   |    min   |    max   | min | max |   Type  |
        +------------------------------------------------------------+--------------------------------------------------+---------+---------+----------+----------+-----+-----+---------+
        |grp_PointwiseConv2d_1_12_10_Pipeline_VITIS_LOOP_16_4_fu_64  |PointwiseConv2d_1_12_10_Pipeline_VITIS_LOOP_16_4  |       69|       69|  0.690 us|  0.690 us|   69|   69|       no|
        |grp_PointwiseConv2d_1_12_10_Pipeline_VITIS_LOOP_25_6_fu_82  |PointwiseConv2d_1_12_10_Pipeline_VITIS_LOOP_25_6  |       12|       12|  0.120 us|  0.120 us|   12|   12|       no|
        +------------------------------------------------------------+--------------------------------------------------+---------+---------+----------+----------+-----+-----+---------+

        * Loop: 
        N/A



================================================================
== Utilization Estimates
================================================================
* Summary: 
+-----------------+---------+------+--------+--------+-----+
|       Name      | BRAM_18K|  DSP |   FF   |   LUT  | URAM|
+-----------------+---------+------+--------+--------+-----+
|DSP              |        -|     -|       -|       -|    -|
|Expression       |        -|     -|       0|       2|    -|
|FIFO             |        -|     -|       -|       -|    -|
|Instance         |        -|    10|    1801|    1474|    -|
|Memory           |        -|     -|       -|       -|    -|
|Multiplexer      |        -|     -|       -|      58|    -|
|Register         |        -|     -|       8|       -|    -|
+-----------------+---------+------+--------+--------+-----+
|Total            |        0|    10|    1809|    1534|    0|
+-----------------+---------+------+--------+--------+-----+
|Available        |      288|  1248|  234240|  117120|   64|
+-----------------+---------+------+--------+--------+-----+
|Utilization (%)  |        0|    ~0|      ~0|       1|    0|
+-----------------+---------+------+--------+--------+-----+

+ Detail: 
    * Instance: 
    +------------------------------------------------------------+--------------------------------------------------+---------+----+------+------+-----+
    |                          Instance                          |                      Module                      | BRAM_18K| DSP|  FF  |  LUT | URAM|
    +------------------------------------------------------------+--------------------------------------------------+---------+----+------+------+-----+
    |grp_PointwiseConv2d_1_12_10_Pipeline_VITIS_LOOP_16_4_fu_64  |PointwiseConv2d_1_12_10_Pipeline_VITIS_LOOP_16_4  |        0|  10|  1762|  1287|    0|
    |grp_PointwiseConv2d_1_12_10_Pipeline_VITIS_LOOP_25_6_fu_82  |PointwiseConv2d_1_12_10_Pipeline_VITIS_LOOP_25_6  |        0|   0|    39|   187|    0|
    +------------------------------------------------------------+--------------------------------------------------+---------+----+------+------+-----+
    |Total                                                       |                                                  |        0|  10|  1801|  1474|    0|
    +------------------------------------------------------------+--------------------------------------------------+---------+----+------+------+-----+

    * DSP: 
    N/A

    * Memory: 
    N/A

    * FIFO: 
    N/A

    * Expression: 
    +-----------------+----------+----+---+----+------------+------------+
    |  Variable Name  | Operation| DSP| FF| LUT| Bitwidth P0| Bitwidth P1|
    +-----------------+----------+----+---+----+------------+------------+
    |ap_block_state1  |        or|   0|  0|   2|           1|           1|
    +-----------------+----------+----+---+----+------------+------------+
    |Total            |          |   0|  0|   2|           1|           1|
    +-----------------+----------+----+---+----+------------+------------+

    * Multiplexer: 
    +------------------+----+-----------+-----+-----------+
    |       Name       | LUT| Input Size| Bits| Total Bits|
    +------------------+----+-----------+-----+-----------+
    |ap_NS_fsm         |  31|          6|    1|          6|
    |ap_done           |   9|          2|    1|          2|
    |depth3_o79_read   |   9|          2|    1|          2|
    |point3_o80_write  |   9|          2|    1|          2|
    +------------------+----+-----------+-----+-----------+
    |Total             |  58|         12|    4|         12|
    +------------------+----+-----------+-----+-----------+

    * Register: 
    +-------------------------------------------------------------------------+---+----+-----+-----------+
    |                                   Name                                  | FF| LUT| Bits| Const Bits|
    +-------------------------------------------------------------------------+---+----+-----+-----------+
    |ap_CS_fsm                                                                |  5|   0|    5|          0|
    |ap_done_reg                                                              |  1|   0|    1|          0|
    |grp_PointwiseConv2d_1_12_10_Pipeline_VITIS_LOOP_16_4_fu_64_ap_start_reg  |  1|   0|    1|          0|
    |grp_PointwiseConv2d_1_12_10_Pipeline_VITIS_LOOP_25_6_fu_82_ap_start_reg  |  1|   0|    1|          0|
    +-------------------------------------------------------------------------+---+----+-----+-----------+
    |Total                                                                    |  8|   0|    8|          0|
    +-------------------------------------------------------------------------+---+----+-----+-----------+



================================================================
== Interface
================================================================
* Summary: 
+---------------------------+-----+-----+------------+----------------------------+--------------+
|         RTL Ports         | Dir | Bits|  Protocol  |        Source Object       |    C Type    |
+---------------------------+-----+-----+------------+----------------------------+--------------+
|ap_clk                     |   in|    1|  ap_ctrl_hs|  PointwiseConv2d<1, 12, 10>|  return value|
|ap_rst                     |   in|    1|  ap_ctrl_hs|  PointwiseConv2d<1, 12, 10>|  return value|
|ap_start                   |   in|    1|  ap_ctrl_hs|  PointwiseConv2d<1, 12, 10>|  return value|
|ap_done                    |  out|    1|  ap_ctrl_hs|  PointwiseConv2d<1, 12, 10>|  return value|
|ap_continue                |   in|    1|  ap_ctrl_hs|  PointwiseConv2d<1, 12, 10>|  return value|
|ap_idle                    |  out|    1|  ap_ctrl_hs|  PointwiseConv2d<1, 12, 10>|  return value|
|ap_ready                   |  out|    1|  ap_ctrl_hs|  PointwiseConv2d<1, 12, 10>|  return value|
|depth3_o79_dout            |   in|   32|     ap_fifo|                  depth3_o79|       pointer|
|depth3_o79_num_data_valid  |   in|    2|     ap_fifo|                  depth3_o79|       pointer|
|depth3_o79_fifo_cap        |   in|    2|     ap_fifo|                  depth3_o79|       pointer|
|depth3_o79_empty_n         |   in|    1|     ap_fifo|                  depth3_o79|       pointer|
|depth3_o79_read            |  out|    1|     ap_fifo|                  depth3_o79|       pointer|
|weights_address0           |  out|    7|   ap_memory|                     weights|         array|
|weights_ce0                |  out|    1|   ap_memory|                     weights|         array|
|weights_q0                 |   in|   32|   ap_memory|                     weights|         array|
|weights_address1           |  out|    7|   ap_memory|                     weights|         array|
|weights_ce1                |  out|    1|   ap_memory|                     weights|         array|
|weights_q1                 |   in|   32|   ap_memory|                     weights|         array|
|point3_o80_din             |  out|   32|     ap_fifo|                  point3_o80|       pointer|
|point3_o80_num_data_valid  |   in|    2|     ap_fifo|                  point3_o80|       pointer|
|point3_o80_fifo_cap        |   in|    2|     ap_fifo|                  point3_o80|       pointer|
|point3_o80_full_n          |   in|    1|     ap_fifo|                  point3_o80|       pointer|
|point3_o80_write           |  out|    1|     ap_fifo|                  point3_o80|       pointer|
+---------------------------+-----+-----+------------+----------------------------+--------------+

